# JRE version: OpenJDK Runtime Environment (Zulu 8.52.0.23-CA-win64) (8.0_282-b08) (build 1.8.0_282-b08)
# Java VM: OpenJDK 64-Bit Server VM (25.282-b08 mixed mode windows-amd64 compressed oops)
Heap:
 PSYoungGen      total 414208K, used 394681K [0x00000000d5580000, 0x00000000fc780000, 0x0000000100000000)
  eden space 401920K, 95% used [0x00000000d5580000,0x00000000ecb065d8,0x00000000ede00000)
  from space 12288K, 99% used [0x00000000fa880000,0x00000000fb468078,0x00000000fb480000)
  to   space 17408K, 0% used [0x00000000fb680000,0x00000000fb680000,0x00000000fc780000)
 ParOldGen       total 71680K, used 21779K [0x0000000080000000, 0x0000000084600000, 0x00000000d5580000)
  object space 71680K, 30% used [0x0000000080000000,0x0000000081544e00,0x0000000084600000)
 Metaspace       used 56866K, capacity 58344K, committed 58624K, reserved 1101824K
  class space    used 6429K, capacity 6851K, committed 6912K, reserved 1048576K
GC Heap History (10 events):
Event: 772.493 GC heap before
{Heap before GC invocations=9 (full 1):
 PSYoungGen      total 269824K, used 269818K [0x00000000d5580000, 0x00000000f2280000, 0x0000000100000000)
  eden space 259072K, 100% used [0x00000000d5580000,0x00000000e5280000,0x00000000e5280000)
  from space 10752K, 99% used [0x00000000e5280000,0x00000000e5cfe9b0,0x00000000e5d00000)
  to   space 15360K, 0% used [0x00000000f1380000,0x00000000f1380000,0x00000000f2280000)
 ParOldGen       total 53248K, used 16002K [0x0000000080000000, 0x0000000083400000, 0x00000000d5580000)
  object space 53248K, 30% used [0x0000000080000000,0x0000000080fa0830,0x0000000083400000)
 Metaspace       used 34177K, capacity 35392K, committed 35456K, reserved 1081344K
  class space    used 4054K, capacity 4418K, committed 4480K, reserved 1048576K
Event: 772.511 GC heap after
Heap after GC invocations=9 (full 1):
 PSYoungGen      total 455680K, used 12364K [0x00000000d5580000, 0x00000000f3000000, 0x0000000100000000)
  eden space 440320K, 0% used [0x00000000d5580000,0x00000000d5580000,0x00000000f0380000)
  from space 15360K, 80% used [0x00000000f1380000,0x00000000f1f930a8,0x00000000f2280000)
  to   space 16384K, 0% used [0x00000000f0380000,0x00000000f0380000,0x00000000f1380000)
 ParOldGen       total 53248K, used 16010K [0x0000000080000000, 0x0000000083400000, 0x00000000d5580000)
  object space 53248K, 30% used [0x0000000080000000,0x0000000080fa2830,0x0000000083400000)
 Metaspace       used 34177K, capacity 35392K, committed 35456K, reserved 1081344K
  class space    used 4054K, capacity 4418K, committed 4480K, reserved 1048576K
}
Event: 786.401 GC heap before
{Heap before GC invocations=10 (full 1):
 PSYoungGen      total 455680K, used 31026K [0x00000000d5580000, 0x00000000f3000000, 0x0000000100000000)
  eden space 440320K, 4% used [0x00000000d5580000,0x00000000d67b9aa0,0x00000000f0380000)
  from space 15360K, 80% used [0x00000000f1380000,0x00000000f1f930a8,0x00000000f2280000)
  to   space 16384K, 0% used [0x00000000f0380000,0x00000000f0380000,0x00000000f1380000)
 ParOldGen       total 53248K, used 16010K [0x0000000080000000, 0x0000000083400000, 0x00000000d5580000)
  object space 53248K, 30% used [0x0000000080000000,0x0000000080fa2830,0x0000000083400000)
 Metaspace       used 34287K, capacity 35432K, committed 35496K, reserved 1081344K
  class space    used 4057K, capacity 4423K, committed 4480K, reserved 1048576K
Event: 786.413 GC heap after
Heap after GC invocations=10 (full 1):
 PSYoungGen      total 456704K, used 9936K [0x00000000d5580000, 0x00000000fd700000, 0x0000000100000000)
  eden space 440320K, 0% used [0x00000000d5580000,0x00000000d5580000,0x00000000f0380000)
  from space 16384K, 60% used [0x00000000f0380000,0x00000000f0d340c8,0x00000000f1380000)
  to   space 16384K, 0% used [0x00000000fc700000,0x00000000fc700000,0x00000000fd700000)
 ParOldGen       total 53248K, used 18254K [0x0000000080000000, 0x0000000083400000, 0x00000000d5580000)
  object space 53248K, 34% used [0x0000000080000000,0x00000000811d3a88,0x0000000083400000)
 Metaspace       used 34287K, capacity 35432K, committed 35496K, reserved 1081344K
  class space    used 4057K, capacity 4423K, committed 4480K, reserved 1048576K
}
Event: 786.413 GC heap before
{Heap before GC invocations=11 (full 2):
 PSYoungGen      total 456704K, used 9936K [0x00000000d5580000, 0x00000000fd700000, 0x0000000100000000)
  eden space 440320K, 0% used [0x00000000d5580000,0x00000000d5580000,0x00000000f0380000)
  from space 16384K, 60% used [0x00000000f0380000,0x00000000f0d340c8,0x00000000f1380000)
  to   space 16384K, 0% used [0x00000000fc700000,0x00000000fc700000,0x00000000fd700000)
 ParOldGen       total 53248K, used 18254K [0x0000000080000000, 0x0000000083400000, 0x00000000d5580000)
  object space 53248K, 34% used [0x0000000080000000,0x00000000811d3a88,0x0000000083400000)
 Metaspace       used 34287K, capacity 35432K, committed 35496K, reserved 1081344K
  class space    used 4057K, capacity 4423K, committed 4480K, reserved 1048576K
Event: 786.666 GC heap after
Heap after GC invocations=11 (full 2):
 PSYoungGen      total 456704K, used 0K [0x00000000d5580000, 0x00000000fd700000, 0x0000000100000000)
  eden space 440320K, 0% used [0x00000000d5580000,0x00000000d5580000,0x00000000f0380000)
  from space 16384K, 0% used [0x00000000f0380000,0x00000000f0380000,0x00000000f1380000)
  to   space 16384K, 0% used [0x00000000fc700000,0x00000000fc700000,0x00000000fd700000)
 ParOldGen       total 71680K, used 20070K [0x0000000080000000, 0x0000000084600000, 0x00000000d5580000)
  object space 71680K, 28% used [0x0000000080000000,0x0000000081399b38,0x0000000084600000)
 Metaspace       used 34281K, capacity 35416K, committed 35496K, reserved 1081344K
  class space    used 4055K, capacity 4419K, committed 4480K, reserved 1048576K
}
Event: 1166.089 GC heap before
{Heap before GC invocations=12 (full 2):
 PSYoungGen      total 456704K, used 440320K [0x00000000d5580000, 0x00000000fd700000, 0x0000000100000000)
  eden space 440320K, 100% used [0x00000000d5580000,0x00000000f0380000,0x00000000f0380000)
  from space 16384K, 0% used [0x00000000f0380000,0x00000000f0380000,0x00000000f1380000)
  to   space 16384K, 0% used [0x00000000fc700000,0x00000000fc700000,0x00000000fd700000)
 ParOldGen       total 71680K, used 20070K [0x0000000080000000, 0x0000000084600000, 0x00000000d5580000)
  object space 71680K, 28% used [0x0000000080000000,0x0000000081399b38,0x0000000084600000)
 Metaspace       used 37522K, capacity 38788K, committed 39040K, reserved 1083392K
  class space    used 4336K, capacity 4696K, committed 4736K, reserved 1048576K
Event: 1166.110 GC heap after
Heap after GC invocations=12 (full 2):
 PSYoungGen      total 423424K, used 2417K [0x00000000d5580000, 0x00000000fc980000, 0x0000000100000000)
  eden space 420864K, 0% used [0x00000000d5580000,0x00000000d5580000,0x00000000ef080000)
  from space 2560K, 94% used [0x00000000fc700000,0x00000000fc95c448,0x00000000fc980000)
  to   space 16896K, 0% used [0x00000000fa880000,0x00000000fa880000,0x00000000fb900000)
 ParOldGen       total 71680K, used 20078K [0x0000000080000000, 0x0000000084600000, 0x00000000d5580000)
  object space 71680K, 28% used [0x0000000080000000,0x000000008139bb38,0x0000000084600000)
 Metaspace       used 37522K, capacity 38788K, committed 39040K, reserved 1083392K
  class space    used 4336K, capacity 4696K, committed 4736K, reserved 1048576K
}
Event: 1563.160 GC heap before
{Heap before GC invocations=13 (full 2):
 PSYoungGen      total 423424K, used 423281K [0x00000000d5580000, 0x00000000fc980000, 0x0000000100000000)
  eden space 420864K, 100% used [0x00000000d5580000,0x00000000ef080000,0x00000000ef080000)
  from space 2560K, 94% used [0x00000000fc700000,0x00000000fc95c448,0x00000000fc980000)
  to   space 16896K, 0% used [0x00000000fa880000,0x00000000fa880000,0x00000000fb900000)
 ParOldGen       total 71680K, used 20078K [0x0000000080000000, 0x0000000084600000, 0x00000000d5580000)
  object space 71680K, 28% used [0x0000000080000000,0x000000008139bb38,0x0000000084600000)
 Metaspace       used 45814K, capacity 47192K, committed 47360K, reserved 1091584K
  class space    used 5389K, capacity 5820K, committed 5888K, reserved 1048576K
Event: 1563.192 GC heap after
Heap after GC invocations=13 (full 2):
 PSYoungGen      total 414208K, used 12192K [0x00000000d5580000, 0x00000000fc780000, 0x0000000100000000)
  eden space 401920K, 0% used [0x00000000d5580000,0x00000000d5580000,0x00000000ede00000)
  from space 12288K, 99% used [0x00000000fa880000,0x00000000fb468078,0x00000000fb480000)
  to   space 17408K, 0% used [0x00000000fb680000,0x00000000fb680000,0x00000000fc780000)
 ParOldGen       total 71680K, used 21779K [0x0000000080000000, 0x0000000084600000, 0x00000000d5580000)
  object space 71680K, 30% used [0x0000000080000000,0x0000000081544e00,0x0000000084600000)
 Metaspace       used 45814K, capacity 47192K, committed 47360K, reserved 1091584K
  class space    used 5389K, capacity 5820K, committed 5888K, reserved 1048576K
}

