<?xml version="1.0" encoding="UTF-8"?>
<testsuites name="all_test - Copy" time="1810.648" tests="62" failures="9" errors="0">
   <testsuite name="Администратор" tests="13" failures="0" errors="0" time="1669.019" skipped="0" timestamp="2022-02-25 08:54:22" hostname="LENOVO - DESKTOP-KNHN0AA" id="Test Suites/Администратор">
      <properties>
[...]
</properties>
      <testcase name="Test Cases/Администратор/Школы" time="245.817" classname="Test Cases/Администратор/Школы" status="PASSED">
         <system-out><![CDATA[2022-02-25 08:54:23 - [TEST_CASE][PASSED] - Test Cases/Администратор/Школы: Test Cases/Администратор/Школы

2022-02-25 08:54:27 - [TEST_STEP][PASSED] - callTestCase(findTestCase("Администратор/Авторизация"), [:], STOP_ON_FAILURE): Call Test Case 'Test Cases/Администратор/Авторизация' successfully

2022-02-25 08:54:28 - [TEST_CASE][PASSED] - Test Cases/Администратор/Авторизация: Test Cases/Администратор/Авторизация

2022-02-25 08:54:32 - [TEST_STEP][PASSED] - openBrowser(""): Browser is opened with url: ''

2022-02-25 08:54:34 - [MESSAGE][INFO] - User set preference: ['os', 'linux']

2022-02-25 08:54:34 - [MESSAGE][INFO] - User set preference: ['browserName', 'chrome']

2022-02-25 08:54:34 - [MESSAGE][INFO] - User set preference: ['browserVersion', '97']

2022-02-25 08:54:34 - [MESSAGE][INFO] - User set preference: ['katalon:option', '{organizationId=564672, tunnelId=, usingTunnel=false}']

2022-02-25 08:54:34 - [MESSAGE][INFO] - Connecting to remote web server 'testcloud.katalon.com/hub' with type 'Selenium'

2022-02-25 08:54:36 - [MESSAGE][INFO] - Action delay is set to 100 milliseconds

2022-02-25 08:56:51 - [MESSAGE][PASSED] - Browser is opened with url: ''

2022-02-25 08:56:51 - [TEST_STEP][PASSED] - maximizeWindow(): Current window maximized

2022-02-25 08:56:51 - [MESSAGE][PASSED] - Current window maximized

2022-02-25 08:56:51 - [TEST_STEP][PASSED] - navigateToUrl(url): Navigate to 'https://stars-stage.hawk.ru:8080' successfully

2022-02-25 08:56:59 - [MESSAGE][PASSED] - Navigate to 'https://stars-stage.hawk.ru:8080' successfully

2022-02-25 08:56:59 - [TEST_STEP][PASSED] - setText(findTestObject("Object Repository/Page_/input__sc-lnrBVv eqPACj"), admin_login): Text 'TestAdmin@test.ru' is set on object 'Object Repository/Page_/input__sc-lnrBVv eqPACj'

2022-02-25 08:57:03 - [MESSAGE][PASSED] - Text 'TestAdmin@test.ru' is set on object 'Object Repository/Page_/input__sc-lnrBVv eqPACj'

2022-02-25 08:57:03 - [TEST_STEP][PASSED] - setText(findTestObject("Object Repository/Page_/input__sc-lnrBVv eqPACj_1"), admin_password): Text 'TestAdmin@test.ru' is set on object 'Object Repository/Page_/input__sc-lnrBVv eqPACj_1'

2022-02-25 08:57:07 - [MESSAGE][PASSED] - Text 'TestAdmin@test.ru' is set on object 'Object Repository/Page_/input__sc-lnrBVv eqPACj_1'

2022-02-25 08:57:07 - [TEST_STEP][PASSED] - click(findTestObject("Object Repository/Page_/go")): Object: 'Object Repository/Page_/go' is clicked on

2022-02-25 08:57:10 - [MESSAGE][PASSED] - Object: 'Object Repository/Page_/go' is clicked on

2022-02-25 08:57:10 - [MESSAGE][PASSED] - Call Test Case 'Test Cases/Администратор/Авторизация' successfully

2022-02-25 08:57:10 - [TEST_STEP][PASSED] - click(findTestObject("Object Repository/admin/school/schools/schools")): Object: 'Object Repository/admin/school/schools/schools' is clicked on

2022-02-25 08:57:32 - [MESSAGE][PASSED] - Object: 'Object Repository/admin/school/schools/schools' is clicked on

2022-02-25 08:57:32 - [TEST_STEP][PASSED] - takeFullPageScreenshot("C:\scr\" + school + "43.jpg"): Taking screenshot successfully

2022-02-25 08:57:38 - [MESSAGE][INFO] - 0 hidden object(s)

2022-02-25 08:57:39 - [MESSAGE][PASSED] - Taking screenshot successfully
[[ATTACHMENT|C:\scr\Омские Ястребы43.jpg]]

2022-02-25 08:57:39 - [TEST_STEP][PASSED] - click(findTestObject("Object Repository/admin/school/Page_/div_")): Object: 'Object Repository/admin/school/Page_/div_' is clicked on

2022-02-25 08:57:42 - [MESSAGE][PASSED] - Object: 'Object Repository/admin/school/Page_/div_' is clicked on

2022-02-25 08:57:42 - [TEST_STEP][PASSED] - scrollToElement(findTestObject("Object Repository/admin/school/Page_/players"), 0): Scroll to object 'Object Repository/admin/school/Page_/players' successfully

2022-02-25 08:57:42 - [MESSAGE][WARNING] - Timeout '0' is invalid. Using default page load timeout: '30'

2022-02-25 08:57:47 - [MESSAGE][PASSED] - Scroll to object 'Object Repository/admin/school/Page_/players' successfully

2022-02-25 08:57:47 - [TEST_STEP][PASSED] - click(findTestObject("Object Repository/admin/school/Page_/players")): Object: 'Object Repository/admin/school/Page_/players' is clicked on

2022-02-25 08:57:49 - [MESSAGE][PASSED] - Object: 'Object Repository/admin/school/Page_/players' is clicked on

2022-02-25 08:57:49 - [TEST_STEP][PASSED] - takeFullPageScreenshot("C:\scr\" + school + "44.jpg"): Taking screenshot successfully

2022-02-25 08:57:54 - [MESSAGE][INFO] - 0 hidden object(s)

2022-02-25 08:57:54 - [MESSAGE][PASSED] - Taking screenshot successfully
[[ATTACHMENT|C:\scr\Омские Ястребы44.jpg]]

2022-02-25 08:57:54 - [TEST_STEP][PASSED] - click(findTestObject("Object Repository/admin/school/Page_/team")): Object: 'Object Repository/admin/school/Page_/team' is clicked on

2022-02-25 08:57:57 - [MESSAGE][PASSED] - Object: 'Object Repository/admin/school/Page_/team' is clicked on

2022-02-25 08:57:57 - [TEST_STEP][PASSED] - takeFullPageScreenshot("C:\scr\" + school + "45.jpg"): Taking screenshot successfully

2022-02-25 08:58:02 - [MESSAGE][INFO] - 0 hidden object(s)

2022-02-25 08:58:02 - [MESSAGE][PASSED] - Taking screenshot successfully
[[ATTACHMENT|C:\scr\Омские Ястребы45.jpg]]

2022-02-25 08:58:02 - [TEST_STEP][PASSED] - click(findTestObject("Object Repository/admin/school/Page_/omsk")): Object: 'Object Repository/admin/school/Page_/omsk' is clicked on

2022-02-25 08:58:04 - [MESSAGE][PASSED] - Object: 'Object Repository/admin/school/Page_/omsk' is clicked on

2022-02-25 08:58:04 - [TEST_STEP][PASSED] - click(findTestObject("Object Repository/admin/school/Page_/edit")): Object: 'Object Repository/admin/school/Page_/edit' is clicked on

2022-02-25 08:58:08 - [MESSAGE][PASSED] - Object: 'Object Repository/admin/school/Page_/edit' is clicked on

2022-02-25 08:58:08 - [TEST_STEP][PASSED] - takeFullPageScreenshot("C:\scr\" + school + "47.jpg"): Taking screenshot successfully

2022-02-25 08:58:13 - [MESSAGE][INFO] - 0 hidden object(s)

2022-02-25 08:58:13 - [MESSAGE][PASSED] - Taking screenshot successfully
[[ATTACHMENT|C:\scr\Омские Ястребы47.jpg]]

2022-02-25 08:58:13 - [TEST_STEP][PASSED] - click(findTestObject("Object Repository/admin/school/Page_/allplayer")): Object: 'Object Repository/admin/school/Page_/allplayer' is clicked on

2022-02-25 08:58:15 - [MESSAGE][PASSED] - Object: 'Object Repository/admin/school/Page_/allplayer' is clicked on

2022-02-25 08:58:15 - [TEST_STEP][PASSED] - takeFullPageScreenshot("C:\scr\" + school + "48.jpg"): Taking screenshot successfully

2022-02-25 08:58:20 - [MESSAGE][INFO] - 0 hidden object(s)

2022-02-25 08:58:21 - [MESSAGE][PASSED] - Taking screenshot successfully
[[ATTACHMENT|C:\scr\Омские Ястребы48.jpg]]

2022-02-25 08:58:21 - [TEST_STEP][PASSED] - click(findTestObject("Object Repository/admin/school/Page_/groups")): Object: 'Object Repository/admin/school/Page_/groups' is clicked on

2022-02-25 08:58:23 - [MESSAGE][PASSED] - Object: 'Object Repository/admin/school/Page_/groups' is clicked on

2022-02-25 08:58:23 - [TEST_STEP][PASSED] - click(findTestObject("manager/schools/overlay"), CONTINUE_ON_FAILURE): Object: 'Object Repository/manager/schools/overlay' is clicked on

2022-02-25 08:58:26 - [MESSAGE][PASSED] - Object: 'Object Repository/manager/schools/overlay' is clicked on

2022-02-25 08:58:26 - [TEST_STEP][PASSED] - click(findTestObject("Object Repository/admin/school/Page_/root")): Object: 'Object Repository/admin/school/Page_/root' is clicked on

2022-02-25 08:58:29 - [MESSAGE][PASSED] - Object: 'Object Repository/admin/school/Page_/root' is clicked on

2022-02-25 08:58:29 - [TEST_STEP][PASSED] - closeBrowser(): Browser is closed

2022-02-25 08:58:29 - [MESSAGE][PASSED] - Browser is closed]]></system-out>
         <system-err><![CDATA[]]></system-err>
      </testcase>
      <testcase name="Test Cases/Администратор/Тренеры" time="155.83" classname="Test Cases/Администратор/Тренеры" status="PASSED">
         <system-out><![CDATA[2022-02-25 08:58:29 - [TEST_CASE][PASSED] - Test Cases/Администратор/Тренеры: Test Cases/Администратор/Тренеры

2022-02-25 08:58:30 - [TEST_STEP][PASSED] - callTestCase(findTestCase("Администратор/Авторизация"), [:], STOP_ON_FAILURE): Call Test Case 'Test Cases/Администратор/Авторизация' successfully

2022-02-25 08:58:30 - [TEST_CASE][PASSED] - Test Cases/Администратор/Авторизация: Test Cases/Администратор/Авторизация

2022-02-25 08:58:30 - [TEST_STEP][PASSED] - openBrowser(""): Browser is opened with url: ''

2022-02-25 08:58:30 - [MESSAGE][INFO] - User set preference: ['os', 'linux']

2022-02-25 08:58:30 - [MESSAGE][INFO] - User set preference: ['browserName', 'chrome']

2022-02-25 08:58:30 - [MESSAGE][INFO] - User set preference: ['browserVersion', '97']

2022-02-25 08:58:30 - [MESSAGE][INFO] - User set preference: ['katalon:option', '{organizationId=564672, tunnelId=, usingTunnel=false}']

2022-02-25 08:58:30 - [MESSAGE][INFO] - Connecting to remote web server 'testcloud.katalon.com/hub' with type 'Selenium'

2022-02-25 08:58:30 - [MESSAGE][INFO] - Action delay is set to 100 milliseconds

2022-02-25 09:00:06 - [MESSAGE][PASSED] - Browser is opened with url: ''

2022-02-25 09:00:06 - [TEST_STEP][PASSED] - maximizeWindow(): Current window maximized

2022-02-25 09:00:07 - [MESSAGE][PASSED] - Current window maximized

2022-02-25 09:00:07 - [TEST_STEP][PASSED] - navigateToUrl(url): Navigate to 'https://stars-stage.hawk.ru:8080' successfully

2022-02-25 09:00:12 - [MESSAGE][PASSED] - Navigate to 'https://stars-stage.hawk.ru:8080' successfully

2022-02-25 09:00:12 - [TEST_STEP][PASSED] - setText(findTestObject("Object Repository/Page_/input__sc-lnrBVv eqPACj"), admin_login): Text 'TestAdmin@test.ru' is set on object 'Object Repository/Page_/input__sc-lnrBVv eqPACj'

2022-02-25 09:00:16 - [MESSAGE][PASSED] - Text 'TestAdmin@test.ru' is set on object 'Object Repository/Page_/input__sc-lnrBVv eqPACj'

2022-02-25 09:00:16 - [TEST_STEP][PASSED] - setText(findTestObject("Object Repository/Page_/input__sc-lnrBVv eqPACj_1"), admin_password): Text 'TestAdmin@test.ru' is set on object 'Object Repository/Page_/input__sc-lnrBVv eqPACj_1'

2022-02-25 09:00:20 - [MESSAGE][PASSED] - Text 'TestAdmin@test.ru' is set on object 'Object Repository/Page_/input__sc-lnrBVv eqPACj_1'

2022-02-25 09:00:20 - [TEST_STEP][PASSED] - click(findTestObject("Object Repository/Page_/go")): Object: 'Object Repository/Page_/go' is clicked on

2022-02-25 09:00:22 - [MESSAGE][PASSED] - Object: 'Object Repository/Page_/go' is clicked on

2022-02-25 09:00:22 - [MESSAGE][PASSED] - Call Test Case 'Test Cases/Администратор/Авторизация' successfully

2022-02-25 09:00:22 - [TEST_STEP][PASSED] - click(findTestObject("Object Repository/admin/teachers/Page_/teach")): Object: 'Object Repository/admin/teachers/Page_/teach' is clicked on

2022-02-25 09:00:39 - [MESSAGE][PASSED] - Object: 'Object Repository/admin/teachers/Page_/teach' is clicked on

2022-02-25 09:00:39 - [TEST_STEP][PASSED] - click(findTestObject("Object Repository/admin/teachers/Page_/span_")): Object: 'Object Repository/admin/teachers/Page_/span_' is clicked on

2022-02-25 09:00:41 - [MESSAGE][PASSED] - Object: 'Object Repository/admin/teachers/Page_/span_' is clicked on

2022-02-25 09:00:41 - [TEST_STEP][PASSED] - verifyTextPresent("ПРОФИЛЬ ПРЕПОДАВАТЕЛЯ", false): Text 'ПРОФИЛЬ ПРЕПОДАВАТЕЛЯ' is present on page 

2022-02-25 09:00:44 - [MESSAGE][PASSED] - Text 'ПРОФИЛЬ ПРЕПОДАВАТЕЛЯ' is present on page 

2022-02-25 09:00:44 - [TEST_STEP][PASSED] - takeFullPageScreenshot("C:\scr\" + school + "41.jpg"): Taking screenshot successfully

2022-02-25 09:00:48 - [MESSAGE][INFO] - 0 hidden object(s)

2022-02-25 09:00:49 - [MESSAGE][PASSED] - Taking screenshot successfully
[[ATTACHMENT|C:\scr\Омские Ястребы41.jpg]]

2022-02-25 09:00:49 - [TEST_STEP][PASSED] - click(findTestObject("Object Repository/admin/teachers/Page_/career")): Object: 'Object Repository/admin/teachers/Page_/career' is clicked on

2022-02-25 09:00:51 - [MESSAGE][PASSED] - Object: 'Object Repository/admin/teachers/Page_/career' is clicked on

2022-02-25 09:00:51 - [TEST_STEP][PASSED] - verifyTextPresent("КАРЬЕРА ТРЕНЕРА", false): Text 'КАРЬЕРА ТРЕНЕРА' is present on page 

2022-02-25 09:00:53 - [MESSAGE][PASSED] - Text 'КАРЬЕРА ТРЕНЕРА' is present on page 

2022-02-25 09:00:53 - [TEST_STEP][PASSED] - takeFullPageScreenshot("C:\scr\" + school + "42.jpg"): Taking screenshot successfully

2022-02-25 09:00:57 - [MESSAGE][INFO] - 0 hidden object(s)

2022-02-25 09:00:58 - [MESSAGE][PASSED] - Taking screenshot successfully
[[ATTACHMENT|C:\scr\Омские Ястребы42.jpg]]

2022-02-25 09:00:58 - [TEST_STEP][PASSED] - click(findTestObject("Object Repository/admin/teachers/Page_/button_")): Object: 'Object Repository/admin/teachers/Page_/button_' is clicked on

2022-02-25 09:01:00 - [MESSAGE][PASSED] - Object: 'Object Repository/admin/teachers/Page_/button_' is clicked on

2022-02-25 09:01:00 - [TEST_STEP][PASSED] - verifyTextPresent("Пользователь сохранен", false): Text 'Пользователь сохранен' is present on page 

2022-02-25 09:01:02 - [MESSAGE][PASSED] - Text 'Пользователь сохранен' is present on page 

2022-02-25 09:01:02 - [TEST_STEP][PASSED] - click(findTestObject("Object Repository/admin/teachers/Page_/root")): Object: 'Object Repository/admin/teachers/Page_/root' is clicked on

2022-02-25 09:01:05 - [MESSAGE][PASSED] - Object: 'Object Repository/admin/teachers/Page_/root' is clicked on

2022-02-25 09:01:05 - [TEST_STEP][PASSED] - closeBrowser(): Browser is closed

2022-02-25 09:01:05 - [MESSAGE][PASSED] - Browser is closed]]></system-out>
         <system-err><![CDATA[]]></system-err>
      </testcase>
      <testcase name="Test Cases/Администратор/Рейтинг" time="194.542" classname="Test Cases/Администратор/Рейтинг" status="PASSED">
         <system-out><![CDATA[2022-02-25 09:01:05 - [TEST_CASE][PASSED] - Test Cases/Администратор/Рейтинг: Test Cases/Администратор/Рейтинг

2022-02-25 09:01:06 - [TEST_STEP][PASSED] - callTestCase(findTestCase("Администратор/Авторизация"), [:], STOP_ON_FAILURE): Call Test Case 'Test Cases/Администратор/Авторизация' successfully

2022-02-25 09:01:06 - [TEST_CASE][PASSED] - Test Cases/Администратор/Авторизация: Test Cases/Администратор/Авторизация

2022-02-25 09:01:06 - [TEST_STEP][PASSED] - openBrowser(""): Browser is opened with url: ''

2022-02-25 09:01:06 - [MESSAGE][INFO] - User set preference: ['os', 'linux']

2022-02-25 09:01:06 - [MESSAGE][INFO] - User set preference: ['browserName', 'chrome']

2022-02-25 09:01:06 - [MESSAGE][INFO] - User set preference: ['browserVersion', '97']

2022-02-25 09:01:06 - [MESSAGE][INFO] - User set preference: ['katalon:option', '{organizationId=564672, tunnelId=, usingTunnel=false}']

2022-02-25 09:01:06 - [MESSAGE][INFO] - Connecting to remote web server 'testcloud.katalon.com/hub' with type 'Selenium'

2022-02-25 09:01:06 - [MESSAGE][INFO] - Action delay is set to 100 milliseconds

2022-02-25 09:02:37 - [MESSAGE][PASSED] - Browser is opened with url: ''

2022-02-25 09:02:37 - [TEST_STEP][PASSED] - maximizeWindow(): Current window maximized

2022-02-25 09:02:38 - [MESSAGE][PASSED] - Current window maximized

2022-02-25 09:02:38 - [TEST_STEP][PASSED] - navigateToUrl(url): Navigate to 'https://stars-stage.hawk.ru:8080' successfully

2022-02-25 09:02:44 - [MESSAGE][PASSED] - Navigate to 'https://stars-stage.hawk.ru:8080' successfully

2022-02-25 09:02:44 - [TEST_STEP][PASSED] - setText(findTestObject("Object Repository/Page_/input__sc-lnrBVv eqPACj"), admin_login): Text 'TestAdmin@test.ru' is set on object 'Object Repository/Page_/input__sc-lnrBVv eqPACj'

2022-02-25 09:02:48 - [MESSAGE][PASSED] - Text 'TestAdmin@test.ru' is set on object 'Object Repository/Page_/input__sc-lnrBVv eqPACj'

2022-02-25 09:02:48 - [TEST_STEP][PASSED] - setText(findTestObject("Object Repository/Page_/input__sc-lnrBVv eqPACj_1"), admin_password): Text 'TestAdmin@test.ru' is set on object 'Object Repository/Page_/input__sc-lnrBVv eqPACj_1'

2022-02-25 09:02:52 - [MESSAGE][PASSED] - Text 'TestAdmin@test.ru' is set on object 'Object Repository/Page_/input__sc-lnrBVv eqPACj_1'

2022-02-25 09:02:52 - [TEST_STEP][PASSED] - click(findTestObject("Object Repository/Page_/go")): Object: 'Object Repository/Page_/go' is clicked on

2022-02-25 09:02:54 - [MESSAGE][PASSED] - Object: 'Object Repository/Page_/go' is clicked on

2022-02-25 09:02:54 - [MESSAGE][PASSED] - Call Test Case 'Test Cases/Администратор/Авторизация' successfully

2022-02-25 09:02:54 - [TEST_STEP][PASSED] - click(findTestObject("Object Repository/admin/rating/grating")): Object: 'Object Repository/admin/rating/grating' is clicked on

2022-02-25 09:03:17 - [MESSAGE][PASSED] - Object: 'Object Repository/admin/rating/grating' is clicked on

2022-02-25 09:03:17 - [TEST_STEP][PASSED] - takeFullPageScreenshot("C:\scr\" + school + "34.jpg"): Taking screenshot successfully

2022-02-25 09:03:22 - [MESSAGE][INFO] - 0 hidden object(s)

2022-02-25 09:03:22 - [MESSAGE][PASSED] - Taking screenshot successfully
[[ATTACHMENT|C:\scr\Омские Ястребы34.jpg]]

2022-02-25 09:03:22 - [TEST_STEP][PASSED] - click(findTestObject("Object Repository/admin/Page_/shkool")): Object: 'Object Repository/admin/Page_/shkool' is clicked on

2022-02-25 09:03:24 - [MESSAGE][PASSED] - Object: 'Object Repository/admin/Page_/shkool' is clicked on

2022-02-25 09:03:24 - [TEST_STEP][PASSED] - click(findTestObject("Object Repository/admin/Page_/div_ (2)")): Object: 'Object Repository/admin/Page_/div_ (2)' is clicked on

2022-02-25 09:03:26 - [MESSAGE][PASSED] - Object: 'Object Repository/admin/Page_/div_ (2)' is clicked on

2022-02-25 09:03:26 - [TEST_STEP][PASSED] - click(findTestObject("Object Repository/admin/Page_/team")): Object: 'Object Repository/admin/Page_/team' is clicked on

2022-02-25 09:03:29 - [MESSAGE][PASSED] - Object: 'Object Repository/admin/Page_/team' is clicked on

2022-02-25 09:03:29 - [TEST_STEP][PASSED] - click(findTestObject("Object Repository/admin/Page_/omsk")): Object: 'Object Repository/admin/Page_/omsk' is clicked on

2022-02-25 09:03:31 - [MESSAGE][PASSED] - Object: 'Object Repository/admin/Page_/omsk' is clicked on

2022-02-25 09:03:31 - [TEST_STEP][PASSED] - scrollToElement(findTestObject("Object Repository/admin/Page_/top1"), 0): Scroll to object 'Object Repository/admin/Page_/top1' successfully

2022-02-25 09:03:31 - [MESSAGE][WARNING] - Timeout '0' is invalid. Using default page load timeout: '30'

2022-02-25 09:03:33 - [MESSAGE][PASSED] - Scroll to object 'Object Repository/admin/Page_/top1' successfully

2022-02-25 09:03:33 - [TEST_STEP][PASSED] - click(findTestObject("Object Repository/admin/Page_/top1")): Object: 'Object Repository/admin/Page_/top1' is clicked on

2022-02-25 09:03:36 - [MESSAGE][PASSED] - Object: 'Object Repository/admin/Page_/top1' is clicked on

2022-02-25 09:03:36 - [TEST_STEP][PASSED] - takeFullPageScreenshot("C:\scr\" + school + "37.jpg", CONTINUE_ON_FAILURE): Taking screenshot successfully

2022-02-25 09:03:41 - [MESSAGE][INFO] - 0 hidden object(s)

2022-02-25 09:03:41 - [MESSAGE][PASSED] - Taking screenshot successfully
[[ATTACHMENT|C:\scr\Омские Ястребы37.jpg]]

2022-02-25 09:03:41 - [TEST_STEP][PASSED] - click(findTestObject("Object Repository/admin/Page_/skill")): Object: 'Object Repository/admin/Page_/skill' is clicked on

2022-02-25 09:03:43 - [MESSAGE][PASSED] - Object: 'Object Repository/admin/Page_/skill' is clicked on

2022-02-25 09:03:43 - [TEST_STEP][PASSED] - verifyTextPresent("Ускорение", true): Text 'Ускорение' is present on page  using regular expression

2022-02-25 09:03:47 - [MESSAGE][PASSED] - Text 'Ускорение' is present on page  using regular expression

2022-02-25 09:03:47 - [TEST_STEP][PASSED] - verifyTextPresent("Скорость", true): Text 'Скорость' is present on page  using regular expression

2022-02-25 09:03:50 - [MESSAGE][PASSED] - Text 'Скорость' is present on page  using regular expression

2022-02-25 09:03:50 - [TEST_STEP][PASSED] - takeFullPageScreenshot("C:\scr\" + school + "39.jpg", CONTINUE_ON_FAILURE): Taking screenshot successfully

2022-02-25 09:03:55 - [MESSAGE][INFO] - 0 hidden object(s)

2022-02-25 09:03:55 - [MESSAGE][PASSED] - Taking screenshot successfully
[[ATTACHMENT|C:\scr\Омские Ястребы39.jpg]]

2022-02-25 09:03:55 - [TEST_STEP][PASSED] - click(findTestObject("Object Repository/admin/Page_/stat")): Object: 'Object Repository/admin/Page_/stat' is clicked on

2022-02-25 09:03:57 - [MESSAGE][PASSED] - Object: 'Object Repository/admin/Page_/stat' is clicked on

2022-02-25 09:03:57 - [TEST_STEP][PASSED] - verifyTextPresent("Матчи", true, CONTINUE_ON_FAILURE): Text 'Матчи' is present on page  using regular expression

2022-02-25 09:03:59 - [MESSAGE][PASSED] - Text 'Матчи' is present on page  using regular expression

2022-02-25 09:03:59 - [TEST_STEP][PASSED] - verifyTextPresent("Ранг", true, CONTINUE_ON_FAILURE): Text 'Ранг' is present on page  using regular expression

2022-02-25 09:04:01 - [MESSAGE][PASSED] - Text 'Ранг' is present on page  using regular expression

2022-02-25 09:04:01 - [TEST_STEP][PASSED] - takeFullPageScreenshot("C:\scr\" + school + "40.jpg", CONTINUE_ON_FAILURE): Taking screenshot successfully

2022-02-25 09:04:06 - [MESSAGE][INFO] - 0 hidden object(s)

2022-02-25 09:04:06 - [MESSAGE][PASSED] - Taking screenshot successfully
[[ATTACHMENT|C:\scr\Омские Ястребы40.jpg]]

2022-02-25 09:04:06 - [TEST_STEP][PASSED] - click(findTestObject("Object Repository/admin/Page_/ptest")): Object: 'Object Repository/admin/Page_/ptest' is clicked on

2022-02-25 09:04:08 - [MESSAGE][PASSED] - Object: 'Object Repository/admin/Page_/ptest' is clicked on

2022-02-25 09:04:08 - [TEST_STEP][PASSED] - verifyTextPresent("СРЕДНЯЯ ОЦЕНКА", true): Text 'СРЕДНЯЯ ОЦЕНКА' is present on page  using regular expression

2022-02-25 09:04:10 - [MESSAGE][PASSED] - Text 'СРЕДНЯЯ ОЦЕНКА' is present on page  using regular expression

2022-02-25 09:04:10 - [TEST_STEP][PASSED] - verifyTextPresent("Список навыков и характеристики", true): Text 'Список навыков и характеристики' is present on page  using regular expression

2022-02-25 09:04:12 - [MESSAGE][PASSED] - Text 'Список навыков и характеристики' is present on page  using regular expression

2022-02-25 09:04:12 - [TEST_STEP][PASSED] - takeFullPageScreenshot("C:\scr\" + school + "38.jpg", CONTINUE_ON_FAILURE): Taking screenshot successfully

2022-02-25 09:04:17 - [MESSAGE][INFO] - 0 hidden object(s)

2022-02-25 09:04:17 - [MESSAGE][PASSED] - Taking screenshot successfully
[[ATTACHMENT|C:\scr\Омские Ястребы38.jpg]]

2022-02-25 09:04:17 - [TEST_STEP][PASSED] - click(findTestObject("Object Repository/admin/Page_/root")): Object: 'Object Repository/admin/Page_/root' is clicked on

2022-02-25 09:04:19 - [MESSAGE][PASSED] - Object: 'Object Repository/admin/Page_/root' is clicked on

2022-02-25 09:04:19 - [TEST_STEP][PASSED] - closeBrowser(): Browser is closed

2022-02-25 09:04:20 - [MESSAGE][PASSED] - Browser is closed]]></system-out>
         <system-err><![CDATA[]]></system-err>
      </testcase>
      <testcase name="Test Cases/Администратор/Профиль" time="99.28" classname="Test Cases/Администратор/Профиль" status="PASSED">
         <system-out><![CDATA[2022-02-25 09:04:20 - [TEST_CASE][PASSED] - Test Cases/Администратор/Профиль: Test Cases/Администратор/Профиль

2022-02-25 09:04:21 - [TEST_STEP][PASSED] - callTestCase(findTestCase("Администратор/Авторизация"), [:], STOP_ON_FAILURE): Call Test Case 'Test Cases/Администратор/Авторизация' successfully

2022-02-25 09:04:21 - [TEST_CASE][PASSED] - Test Cases/Администратор/Авторизация: Test Cases/Администратор/Авторизация

2022-02-25 09:04:21 - [TEST_STEP][PASSED] - openBrowser(""): Browser is opened with url: ''

2022-02-25 09:04:21 - [MESSAGE][INFO] - User set preference: ['os', 'linux']

2022-02-25 09:04:21 - [MESSAGE][INFO] - User set preference: ['browserName', 'chrome']

2022-02-25 09:04:21 - [MESSAGE][INFO] - User set preference: ['browserVersion', '97']

2022-02-25 09:04:21 - [MESSAGE][INFO] - User set preference: ['katalon:option', '{organizationId=564672, tunnelId=, usingTunnel=false}']

2022-02-25 09:04:21 - [MESSAGE][INFO] - Connecting to remote web server 'testcloud.katalon.com/hub' with type 'Selenium'

2022-02-25 09:04:21 - [MESSAGE][INFO] - Action delay is set to 100 milliseconds

2022-02-25 09:05:08 - [MESSAGE][PASSED] - Browser is opened with url: ''

2022-02-25 09:05:08 - [TEST_STEP][PASSED] - maximizeWindow(): Current window maximized

2022-02-25 09:05:08 - [MESSAGE][PASSED] - Current window maximized

2022-02-25 09:05:08 - [TEST_STEP][PASSED] - navigateToUrl(url): Navigate to 'https://stars-stage.hawk.ru:8080' successfully

2022-02-25 09:05:15 - [MESSAGE][PASSED] - Navigate to 'https://stars-stage.hawk.ru:8080' successfully

2022-02-25 09:05:15 - [TEST_STEP][PASSED] - setText(findTestObject("Object Repository/Page_/input__sc-lnrBVv eqPACj"), admin_login): Text 'TestAdmin@test.ru' is set on object 'Object Repository/Page_/input__sc-lnrBVv eqPACj'

2022-02-25 09:05:19 - [MESSAGE][PASSED] - Text 'TestAdmin@test.ru' is set on object 'Object Repository/Page_/input__sc-lnrBVv eqPACj'

2022-02-25 09:05:19 - [TEST_STEP][PASSED] - setText(findTestObject("Object Repository/Page_/input__sc-lnrBVv eqPACj_1"), admin_password): Text 'TestAdmin@test.ru' is set on object 'Object Repository/Page_/input__sc-lnrBVv eqPACj_1'

2022-02-25 09:05:23 - [MESSAGE][PASSED] - Text 'TestAdmin@test.ru' is set on object 'Object Repository/Page_/input__sc-lnrBVv eqPACj_1'

2022-02-25 09:05:23 - [TEST_STEP][PASSED] - click(findTestObject("Object Repository/Page_/go")): Object: 'Object Repository/Page_/go' is clicked on

2022-02-25 09:05:25 - [MESSAGE][PASSED] - Object: 'Object Repository/Page_/go' is clicked on

2022-02-25 09:05:25 - [MESSAGE][PASSED] - Call Test Case 'Test Cases/Администратор/Авторизация' successfully

2022-02-25 09:05:25 - [TEST_STEP][PASSED] - click(findTestObject("Object Repository/admin/Page_/div_Admin Admin")): Object: 'Object Repository/admin/Page_/div_Admin Admin' is clicked on

2022-02-25 09:05:47 - [MESSAGE][PASSED] - Object: 'Object Repository/admin/Page_/div_Admin Admin' is clicked on

2022-02-25 09:05:47 - [TEST_STEP][PASSED] - verifyTextPresent("РЕДАКТИРОВАНИЕ ПРОФИЛЯ", true): Text 'РЕДАКТИРОВАНИЕ ПРОФИЛЯ' is present on page  using regular expression

2022-02-25 09:05:48 - [MESSAGE][PASSED] - Text 'РЕДАКТИРОВАНИЕ ПРОФИЛЯ' is present on page  using regular expression

2022-02-25 09:05:48 - [TEST_STEP][PASSED] - takeFullPageScreenshot("C:\scr\" + school + "33.jpg"): Taking screenshot successfully

2022-02-25 09:05:54 - [MESSAGE][INFO] - 0 hidden object(s)

2022-02-25 09:05:54 - [MESSAGE][PASSED] - Taking screenshot successfully
[[ATTACHMENT|C:\scr\Омские Ястребы33.jpg]]

2022-02-25 09:05:54 - [TEST_STEP][PASSED] - click(findTestObject("Object Repository/admin/Page_/save")): Object: 'Object Repository/admin/Page_/save' is clicked on

2022-02-25 09:05:56 - [MESSAGE][PASSED] - Object: 'Object Repository/admin/Page_/save' is clicked on

2022-02-25 09:05:56 - [TEST_STEP][PASSED] - click(findTestObject("admin/Page_/root")): Object: 'Object Repository/admin/Page_/root' is clicked on

2022-02-25 09:05:58 - [MESSAGE][PASSED] - Object: 'Object Repository/admin/Page_/root' is clicked on

2022-02-25 09:05:58 - [TEST_STEP][PASSED] - closeBrowser(): Browser is closed

2022-02-25 09:05:59 - [MESSAGE][PASSED] - Browser is closed]]></system-out>
         <system-err><![CDATA[]]></system-err>
      </testcase>
      <testcase name="Test Cases/Администратор/ОТЧЕТЫ функциональные тесты/Физическое тестирование (Поменяется в спринте)" time="147.349" classname="Test Cases/Администратор/ОТЧЕТЫ функциональные тесты/Физическое тестирование (Поменяется в спринте)" status="PASSED">
         <system-out><![CDATA[2022-02-25 09:05:59 - [TEST_CASE][PASSED] - Test Cases/Администратор/ОТЧЕТЫ функциональные тесты/Физическое тестирование (Поменяется в спринте): Test Cases/Администратор/ОТЧЕТЫ функциональные тесты/Физическое тестирование (Поменяется в спринте)

2022-02-25 09:06:00 - [TEST_STEP][PASSED] - callTestCase(findTestCase("Администратор/Отчет для тк"), [:], STOP_ON_FAILURE): Call Test Case 'Test Cases/Администратор/Отчет для тк' successfully

2022-02-25 09:06:00 - [TEST_CASE][PASSED] - Test Cases/Администратор/Отчет для тк: Test Cases/Администратор/Отчет для тк

2022-02-25 09:06:01 - [TEST_STEP][PASSED] - callTestCase(findTestCase("Администратор/Авторизация"), [:], STOP_ON_FAILURE): Call Test Case 'Test Cases/Администратор/Авторизация' successfully

2022-02-25 09:06:01 - [TEST_CASE][PASSED] - Test Cases/Администратор/Авторизация: Test Cases/Администратор/Авторизация

2022-02-25 09:06:01 - [TEST_STEP][PASSED] - openBrowser(""): Browser is opened with url: ''

2022-02-25 09:06:01 - [MESSAGE][INFO] - User set preference: ['os', 'linux']

2022-02-25 09:06:01 - [MESSAGE][INFO] - User set preference: ['browserName', 'chrome']

2022-02-25 09:06:01 - [MESSAGE][INFO] - User set preference: ['browserVersion', '97']

2022-02-25 09:06:01 - [MESSAGE][INFO] - User set preference: ['katalon:option', '{organizationId=564672, tunnelId=, usingTunnel=false}']

2022-02-25 09:06:01 - [MESSAGE][INFO] - Connecting to remote web server 'testcloud.katalon.com/hub' with type 'Selenium'

2022-02-25 09:06:01 - [MESSAGE][INFO] - Action delay is set to 100 milliseconds

2022-02-25 09:06:39 - [MESSAGE][PASSED] - Browser is opened with url: ''

2022-02-25 09:06:39 - [TEST_STEP][PASSED] - maximizeWindow(): Current window maximized

2022-02-25 09:06:40 - [MESSAGE][PASSED] - Current window maximized

2022-02-25 09:06:40 - [TEST_STEP][PASSED] - navigateToUrl(url): Navigate to 'https://stars-stage.hawk.ru:8080' successfully

2022-02-25 09:06:49 - [MESSAGE][PASSED] - Navigate to 'https://stars-stage.hawk.ru:8080' successfully

2022-02-25 09:06:49 - [TEST_STEP][PASSED] - setText(findTestObject("Object Repository/Page_/input__sc-lnrBVv eqPACj"), admin_login): Text 'TestAdmin@test.ru' is set on object 'Object Repository/Page_/input__sc-lnrBVv eqPACj'

2022-02-25 09:06:53 - [MESSAGE][PASSED] - Text 'TestAdmin@test.ru' is set on object 'Object Repository/Page_/input__sc-lnrBVv eqPACj'

2022-02-25 09:06:53 - [TEST_STEP][PASSED] - setText(findTestObject("Object Repository/Page_/input__sc-lnrBVv eqPACj_1"), admin_password): Text 'TestAdmin@test.ru' is set on object 'Object Repository/Page_/input__sc-lnrBVv eqPACj_1'

2022-02-25 09:06:57 - [MESSAGE][PASSED] - Text 'TestAdmin@test.ru' is set on object 'Object Repository/Page_/input__sc-lnrBVv eqPACj_1'

2022-02-25 09:06:57 - [TEST_STEP][PASSED] - click(findTestObject("Object Repository/Page_/go")): Object: 'Object Repository/Page_/go' is clicked on

2022-02-25 09:06:59 - [MESSAGE][PASSED] - Object: 'Object Repository/Page_/go' is clicked on

2022-02-25 09:06:59 - [MESSAGE][PASSED] - Call Test Case 'Test Cases/Администратор/Авторизация' successfully

2022-02-25 09:06:59 - [TEST_STEP][PASSED] - click(findTestObject("admin/reports/keys/reports/report")): Object: 'Object Repository/admin/reports/keys/reports/report' is clicked on

2022-02-25 09:07:18 - [MESSAGE][PASSED] - Object: 'Object Repository/admin/reports/keys/reports/report' is clicked on

2022-02-25 09:07:18 - [MESSAGE][PASSED] - Call Test Case 'Test Cases/Администратор/Отчет для тк' successfully

2022-02-25 09:07:18 - [TEST_STEP][PASSED] - click(findTestObject("Object Repository/admin/phyz/Page_/phys")): Object: 'Object Repository/admin/phyz/Page_/phys' is clicked on

2022-02-25 09:07:21 - [MESSAGE][PASSED] - Object: 'Object Repository/admin/phyz/Page_/phys' is clicked on

2022-02-25 09:07:21 - [TEST_STEP][PASSED] - click(findTestObject("Object Repository/admin/phyz/Page_/school")): Object: 'Object Repository/admin/phyz/Page_/school' is clicked on

2022-02-25 09:07:23 - [MESSAGE][PASSED] - Object: 'Object Repository/admin/phyz/Page_/school' is clicked on

2022-02-25 09:07:23 - [TEST_STEP][PASSED] - click(findTestObject("Object Repository/admin/phyz/Page_/div_")): Object: 'Object Repository/admin/phyz/Page_/div_' is clicked on

2022-02-25 09:07:25 - [MESSAGE][PASSED] - Object: 'Object Repository/admin/phyz/Page_/div_' is clicked on

2022-02-25 09:07:25 - [TEST_STEP][PASSED] - click(findTestObject("Object Repository/admin/phyz/Page_/div_31.07.2020")): Object: 'Object Repository/admin/phyz/Page_/div_31.07.2020' is clicked on

2022-02-25 09:07:28 - [MESSAGE][PASSED] - Object: 'Object Repository/admin/phyz/Page_/div_31.07.2020' is clicked on

2022-02-25 09:07:28 - [TEST_STEP][PASSED] - click(findTestObject("Object Repository/admin/phyz/Page_/div_31.12.2020")): Object: 'Object Repository/admin/phyz/Page_/div_31.12.2020' is clicked on

2022-02-25 09:07:30 - [MESSAGE][PASSED] - Object: 'Object Repository/admin/phyz/Page_/div_31.12.2020' is clicked on

2022-02-25 09:07:30 - [TEST_STEP][PASSED] - click(findTestObject("Object Repository/admin/phyz/Page_/team")): Object: 'Object Repository/admin/phyz/Page_/team' is clicked on

2022-02-25 09:07:32 - [MESSAGE][PASSED] - Object: 'Object Repository/admin/phyz/Page_/team' is clicked on

2022-02-25 09:07:32 - [TEST_STEP][PASSED] - click(findTestObject("Object Repository/admin/phyz/Page_/oya")): Object: 'Object Repository/admin/phyz/Page_/oya' is clicked on

2022-02-25 09:07:34 - [MESSAGE][PASSED] - Object: 'Object Repository/admin/phyz/Page_/oya' is clicked on

2022-02-25 09:07:34 - [TEST_STEP][PASSED] - verifyTextPresent("Жим штанги лежа", true): Text 'Жим штанги лежа' is present on page  using regular expression

2022-02-25 09:07:38 - [MESSAGE][PASSED] - Text 'Жим штанги лежа' is present on page  using regular expression

2022-02-25 09:07:38 - [TEST_STEP][PASSED] - verifyTextPresent("Подтягивание из виса на перекладине", true): Text 'Подтягивание из виса на перекладине' is present on page  using regular expression

2022-02-25 09:07:40 - [MESSAGE][PASSED] - Text 'Подтягивание из виса на перекладине' is present on page  using regular expression

2022-02-25 09:07:40 - [TEST_STEP][PASSED] - verifyTextPresent("Уголок из виса на турнике", true): Text 'Уголок из виса на турнике' is present on page  using regular expression

2022-02-25 09:07:42 - [MESSAGE][PASSED] - Text 'Уголок из виса на турнике' is present on page  using regular expression

2022-02-25 09:07:42 - [TEST_STEP][PASSED] - click(findTestObject("Object Repository/admin/phyz/Page_/individ")): Object: 'Object Repository/admin/phyz/Page_/individ' is clicked on

2022-02-25 09:07:45 - [MESSAGE][PASSED] - Object: 'Object Repository/admin/phyz/Page_/individ' is clicked on

2022-02-25 09:07:45 - [TEST_STEP][PASSED] - click(findTestObject("Object Repository/admin/phyz/Page_/school")): Object: 'Object Repository/admin/phyz/Page_/school' is clicked on

2022-02-25 09:07:47 - [MESSAGE][PASSED] - Object: 'Object Repository/admin/phyz/Page_/school' is clicked on

2022-02-25 09:07:47 - [TEST_STEP][PASSED] - click(findTestObject("Object Repository/admin/phyz/Page_/div_   . _1")): Object: 'Object Repository/admin/phyz/Page_/div_   . _1' is clicked on

2022-02-25 09:07:49 - [MESSAGE][PASSED] - Object: 'Object Repository/admin/phyz/Page_/div_   . _1' is clicked on

2022-02-25 09:07:49 - [TEST_STEP][PASSED] - click(findTestObject("Object Repository/admin/phyz/Page_/team")): Object: 'Object Repository/admin/phyz/Page_/team' is clicked on

2022-02-25 09:07:51 - [MESSAGE][PASSED] - Object: 'Object Repository/admin/phyz/Page_/team' is clicked on

2022-02-25 09:07:51 - [TEST_STEP][PASSED] - click(findTestObject("Object Repository/admin/phyz/Page_/omsk")): Object: 'Object Repository/admin/phyz/Page_/omsk' is clicked on

2022-02-25 09:07:53 - [MESSAGE][PASSED] - Object: 'Object Repository/admin/phyz/Page_/omsk' is clicked on

2022-02-25 09:07:53 - [TEST_STEP][PASSED] - click(findTestObject("Object Repository/admin/phyz/Page_/div_ (1)")): Object: 'Object Repository/admin/phyz/Page_/div_ (1)' is clicked on

2022-02-25 09:07:56 - [MESSAGE][PASSED] - Object: 'Object Repository/admin/phyz/Page_/div_ (1)' is clicked on

2022-02-25 09:07:56 - [TEST_STEP][PASSED] - setText(findTestObject("Object Repository/admin/phyz/Page_/input__react-select-9-input"), player_for_test): Text 'Ганин Данила' is set on object 'Object Repository/admin/phyz/Page_/input__react-select-9-input'

2022-02-25 09:08:01 - [MESSAGE][PASSED] - Text 'Ганин Данила' is set on object 'Object Repository/admin/phyz/Page_/input__react-select-9-input'

2022-02-25 09:08:01 - [TEST_STEP][PASSED] - sendKeys(findTestObject("Object Repository/admin/phyz/Page_/input__react-select-9-input"), Keys.chord(ENTER)): Keys 'ENTER + ' sent to object: 'Object Repository/admin/phyz/Page_/input__react-select-9-input'

2022-02-25 09:08:03 - [MESSAGE][PASSED] - Keys 'ENTER + ' sent to object: 'Object Repository/admin/phyz/Page_/input__react-select-9-input'

2022-02-25 09:08:03 - [TEST_STEP][PASSED] - verifyTextPresent("Прыжок в высоту", true): Text 'Прыжок в высоту' is present on page  using regular expression

2022-02-25 09:08:06 - [MESSAGE][PASSED] - Text 'Прыжок в высоту' is present on page  using regular expression

2022-02-25 09:08:06 - [TEST_STEP][PASSED] - verifyTextPresent("Челночный бег 5-10-5 \(сек\)", true): Text 'Челночный бег 5-10-5 \(сек\)' is present on page  using regular expression

2022-02-25 09:08:08 - [MESSAGE][PASSED] - Text 'Челночный бег 5-10-5 \(сек\)' is present on page  using regular expression

2022-02-25 09:08:08 - [TEST_STEP][PASSED] - verifyTextPresent("СРЕДНЯЯ ОЦЕНКА", true): Text 'СРЕДНЯЯ ОЦЕНКА' is present on page  using regular expression

2022-02-25 09:08:10 - [MESSAGE][PASSED] - Text 'СРЕДНЯЯ ОЦЕНКА' is present on page  using regular expression

2022-02-25 09:08:10 - [TEST_STEP][PASSED] - verifyTextPresent("Список навыков и характеристики", true): Text 'Список навыков и характеристики' is present on page  using regular expression

2022-02-25 09:08:12 - [MESSAGE][PASSED] - Text 'Список навыков и характеристики' is present on page  using regular expression

2022-02-25 09:08:12 - [TEST_STEP][PASSED] - click(findTestObject("Object Repository/admin/phyz/Page_/home")): Object: 'Object Repository/admin/phyz/Page_/home' is clicked on

2022-02-25 09:08:14 - [MESSAGE][PASSED] - Object: 'Object Repository/admin/phyz/Page_/home' is clicked on

2022-02-25 09:08:14 - [TEST_STEP][PASSED] - scrollToElement(findTestObject("Object Repository/admin/phyz/Page_/exit"), 0): Scroll to object 'Object Repository/admin/phyz/Page_/exit' successfully

2022-02-25 09:08:14 - [MESSAGE][WARNING] - Timeout '0' is invalid. Using default page load timeout: '30'

2022-02-25 09:08:24 - [MESSAGE][PASSED] - Scroll to object 'Object Repository/admin/phyz/Page_/exit' successfully

2022-02-25 09:08:24 - [TEST_STEP][PASSED] - click(findTestObject("Object Repository/admin/phyz/Page_/exit")): Object: 'Object Repository/admin/phyz/Page_/exit' is clicked on

2022-02-25 09:08:26 - [MESSAGE][PASSED] - Object: 'Object Repository/admin/phyz/Page_/exit' is clicked on

2022-02-25 09:08:26 - [TEST_STEP][PASSED] - closeBrowser(): Browser is closed

2022-02-25 09:08:26 - [MESSAGE][PASSED] - Browser is closed]]></system-out>
         <system-err><![CDATA[]]></system-err>
      </testcase>
      <testcase name="Test Cases/Администратор/ОТЧЕТЫ функциональные тесты/Список участников без оценки" time="140.001" classname="Test Cases/Администратор/ОТЧЕТЫ функциональные тесты/Список участников без оценки" status="PASSED">
         <system-out><![CDATA[2022-02-25 09:08:26 - [TEST_CASE][PASSED] - Test Cases/Администратор/ОТЧЕТЫ функциональные тесты/Список участников без оценки: Test Cases/Администратор/ОТЧЕТЫ функциональные тесты/Список участников без оценки

2022-02-25 09:08:27 - [TEST_STEP][PASSED] - callTestCase(findTestCase("Администратор/Отчет для тк"), [:], STOP_ON_FAILURE): Call Test Case 'Test Cases/Администратор/Отчет для тк' successfully

2022-02-25 09:08:27 - [TEST_CASE][PASSED] - Test Cases/Администратор/Отчет для тк: Test Cases/Администратор/Отчет для тк

2022-02-25 09:08:27 - [TEST_STEP][PASSED] - callTestCase(findTestCase("Администратор/Авторизация"), [:], STOP_ON_FAILURE): Call Test Case 'Test Cases/Администратор/Авторизация' successfully

2022-02-25 09:08:27 - [TEST_CASE][PASSED] - Test Cases/Администратор/Авторизация: Test Cases/Администратор/Авторизация

2022-02-25 09:08:27 - [TEST_STEP][PASSED] - openBrowser(""): Browser is opened with url: ''

2022-02-25 09:08:27 - [MESSAGE][INFO] - User set preference: ['os', 'linux']

2022-02-25 09:08:27 - [MESSAGE][INFO] - User set preference: ['browserName', 'chrome']

2022-02-25 09:08:27 - [MESSAGE][INFO] - User set preference: ['browserVersion', '97']

2022-02-25 09:08:27 - [MESSAGE][INFO] - User set preference: ['katalon:option', '{organizationId=564672, tunnelId=, usingTunnel=false}']

2022-02-25 09:08:27 - [MESSAGE][INFO] - Connecting to remote web server 'testcloud.katalon.com/hub' with type 'Selenium'

2022-02-25 09:08:27 - [MESSAGE][INFO] - Action delay is set to 100 milliseconds

2022-02-25 09:09:25 - [MESSAGE][PASSED] - Browser is opened with url: ''

2022-02-25 09:09:25 - [TEST_STEP][PASSED] - maximizeWindow(): Current window maximized

2022-02-25 09:09:26 - [MESSAGE][PASSED] - Current window maximized

2022-02-25 09:09:26 - [TEST_STEP][PASSED] - navigateToUrl(url): Navigate to 'https://stars-stage.hawk.ru:8080' successfully

2022-02-25 09:09:33 - [MESSAGE][PASSED] - Navigate to 'https://stars-stage.hawk.ru:8080' successfully

2022-02-25 09:09:33 - [TEST_STEP][PASSED] - setText(findTestObject("Object Repository/Page_/input__sc-lnrBVv eqPACj"), admin_login): Text 'TestAdmin@test.ru' is set on object 'Object Repository/Page_/input__sc-lnrBVv eqPACj'

2022-02-25 09:09:37 - [MESSAGE][PASSED] - Text 'TestAdmin@test.ru' is set on object 'Object Repository/Page_/input__sc-lnrBVv eqPACj'

2022-02-25 09:09:37 - [TEST_STEP][PASSED] - setText(findTestObject("Object Repository/Page_/input__sc-lnrBVv eqPACj_1"), admin_password): Text 'TestAdmin@test.ru' is set on object 'Object Repository/Page_/input__sc-lnrBVv eqPACj_1'

2022-02-25 09:09:41 - [MESSAGE][PASSED] - Text 'TestAdmin@test.ru' is set on object 'Object Repository/Page_/input__sc-lnrBVv eqPACj_1'

2022-02-25 09:09:41 - [TEST_STEP][PASSED] - click(findTestObject("Object Repository/Page_/go")): Object: 'Object Repository/Page_/go' is clicked on

2022-02-25 09:09:44 - [MESSAGE][PASSED] - Object: 'Object Repository/Page_/go' is clicked on

2022-02-25 09:09:44 - [MESSAGE][PASSED] - Call Test Case 'Test Cases/Администратор/Авторизация' successfully

2022-02-25 09:09:44 - [TEST_STEP][PASSED] - click(findTestObject("admin/reports/keys/reports/report")): Object: 'Object Repository/admin/reports/keys/reports/report' is clicked on

2022-02-25 09:10:02 - [MESSAGE][PASSED] - Object: 'Object Repository/admin/reports/keys/reports/report' is clicked on

2022-02-25 09:10:02 - [MESSAGE][PASSED] - Call Test Case 'Test Cases/Администратор/Отчет для тк' successfully

2022-02-25 09:10:02 - [TEST_STEP][PASSED] - click(findTestObject("Object Repository/admin/reports/not/Page_/not")): Object: 'Object Repository/admin/reports/not/Page_/not' is clicked on

2022-02-25 09:10:04 - [MESSAGE][PASSED] - Object: 'Object Repository/admin/reports/not/Page_/not' is clicked on

2022-02-25 09:10:04 - [TEST_STEP][PASSED] - verifyTextPresent("СПИСОК УЧАСТНИКОВ БЕЗ ОЦЕНКИ", true): Text 'СПИСОК УЧАСТНИКОВ БЕЗ ОЦЕНКИ' is present on page  using regular expression

2022-02-25 09:10:13 - [MESSAGE][PASSED] - Text 'СПИСОК УЧАСТНИКОВ БЕЗ ОЦЕНКИ' is present on page  using regular expression

2022-02-25 09:10:13 - [TEST_STEP][PASSED] - takeFullPageScreenshot("C:\scr\" + school + "29.jpg"): Taking screenshot successfully

2022-02-25 09:10:19 - [MESSAGE][INFO] - 0 hidden object(s)

2022-02-25 09:10:19 - [MESSAGE][PASSED] - Taking screenshot successfully
[[ATTACHMENT|C:\scr\Омские Ястребы29.jpg]]

2022-02-25 09:10:19 - [TEST_STEP][PASSED] - setText(findTestObject("Object Repository/admin/reports/not/Page_/input__react-select-2-input"), "ака"): Text 'ака' is set on object 'Object Repository/admin/reports/not/Page_/input__react-select-2-input'

2022-02-25 09:10:23 - [MESSAGE][PASSED] - Text 'ака' is set on object 'Object Repository/admin/reports/not/Page_/input__react-select-2-input'

2022-02-25 09:10:23 - [TEST_STEP][PASSED] - sendKeys(findTestObject("Object Repository/admin/reports/not/Page_/input__react-select-2-input"), Keys.chord(ENTER)): Keys 'ENTER + ' sent to object: 'Object Repository/admin/reports/not/Page_/input__react-select-2-input'

2022-02-25 09:10:25 - [MESSAGE][PASSED] - Keys 'ENTER + ' sent to object: 'Object Repository/admin/reports/not/Page_/input__react-select-2-input'

2022-02-25 09:10:25 - [TEST_STEP][PASSED] - setText(findTestObject("Object Repository/admin/reports/not/Page_/input__react-select-3-input"), school): Text 'Омские Ястребы' is set on object 'Object Repository/admin/reports/not/Page_/input__react-select-3-input'

2022-02-25 09:10:29 - [MESSAGE][PASSED] - Text 'Омские Ястребы' is set on object 'Object Repository/admin/reports/not/Page_/input__react-select-3-input'

2022-02-25 09:10:29 - [TEST_STEP][PASSED] - sendKeys(findTestObject("Object Repository/admin/reports/not/Page_/input__react-select-3-input"), Keys.chord(ENTER)): Keys 'ENTER + ' sent to object: 'Object Repository/admin/reports/not/Page_/input__react-select-3-input'

2022-02-25 09:10:31 - [MESSAGE][PASSED] - Keys 'ENTER + ' sent to object: 'Object Repository/admin/reports/not/Page_/input__react-select-3-input'

2022-02-25 09:10:31 - [TEST_STEP][PASSED] - setText(findTestObject("Object Repository/admin/reports/not/Page_/input__react-select-4-input"), "26.8"): Text '26.8' is set on object 'Object Repository/admin/reports/not/Page_/input__react-select-4-input'

2022-02-25 09:10:36 - [MESSAGE][PASSED] - Text '26.8' is set on object 'Object Repository/admin/reports/not/Page_/input__react-select-4-input'

2022-02-25 09:10:36 - [TEST_STEP][PASSED] - sendKeys(findTestObject("Object Repository/admin/reports/not/Page_/input__react-select-4-input"), Keys.chord(ENTER)): Keys 'ENTER + ' sent to object: 'Object Repository/admin/reports/not/Page_/input__react-select-4-input'

2022-02-25 09:10:38 - [MESSAGE][PASSED] - Keys 'ENTER + ' sent to object: 'Object Repository/admin/reports/not/Page_/input__react-select-4-input'

2022-02-25 09:10:38 - [TEST_STEP][PASSED] - takeFullPageScreenshot("C:\scr\" + school + "30.jpg"): Taking screenshot successfully

2022-02-25 09:10:43 - [MESSAGE][INFO] - 0 hidden object(s)

2022-02-25 09:10:44 - [MESSAGE][PASSED] - Taking screenshot successfully
[[ATTACHMENT|C:\scr\Омские Ястребы30.jpg]]

2022-02-25 09:10:44 - [TEST_STEP][PASSED] - click(findTestObject("Object Repository/manager/kale/Page_/root")): Object: 'Object Repository/manager/kale/Page_/root' is clicked on

2022-02-25 09:10:46 - [MESSAGE][PASSED] - Object: 'Object Repository/manager/kale/Page_/root' is clicked on

2022-02-25 09:10:46 - [TEST_STEP][PASSED] - closeBrowser(): Browser is closed

2022-02-25 09:10:46 - [MESSAGE][PASSED] - Browser is closed]]></system-out>
         <system-err><![CDATA[]]></system-err>
      </testcase>
      <testcase name="Test Cases/Администратор/ОТЧЕТЫ функциональные тесты/Отчет психофиз" time="138.071" classname="Test Cases/Администратор/ОТЧЕТЫ функциональные тесты/Отчет психофиз" status="PASSED">
         <system-out><![CDATA[2022-02-25 09:10:46 - [TEST_CASE][PASSED] - Test Cases/Администратор/ОТЧЕТЫ функциональные тесты/Отчет психофиз: Test Cases/Администратор/ОТЧЕТЫ функциональные тесты/Отчет психофиз

2022-02-25 09:10:47 - [TEST_STEP][PASSED] - callTestCase(findTestCase("Администратор/Отчет для тк"), [:], STOP_ON_FAILURE): Call Test Case 'Test Cases/Администратор/Отчет для тк' successfully

2022-02-25 09:10:47 - [TEST_CASE][PASSED] - Test Cases/Администратор/Отчет для тк: Test Cases/Администратор/Отчет для тк

2022-02-25 09:10:47 - [TEST_STEP][PASSED] - callTestCase(findTestCase("Администратор/Авторизация"), [:], STOP_ON_FAILURE): Call Test Case 'Test Cases/Администратор/Авторизация' successfully

2022-02-25 09:10:48 - [TEST_CASE][PASSED] - Test Cases/Администратор/Авторизация: Test Cases/Администратор/Авторизация

2022-02-25 09:10:48 - [TEST_STEP][PASSED] - openBrowser(""): Browser is opened with url: ''

2022-02-25 09:10:48 - [MESSAGE][INFO] - User set preference: ['os', 'linux']

2022-02-25 09:10:48 - [MESSAGE][INFO] - User set preference: ['browserName', 'chrome']

2022-02-25 09:10:48 - [MESSAGE][INFO] - User set preference: ['browserVersion', '97']

2022-02-25 09:10:48 - [MESSAGE][INFO] - User set preference: ['katalon:option', '{organizationId=564672, tunnelId=, usingTunnel=false}']

2022-02-25 09:10:48 - [MESSAGE][INFO] - Connecting to remote web server 'testcloud.katalon.com/hub' with type 'Selenium'

2022-02-25 09:10:48 - [MESSAGE][INFO] - Action delay is set to 100 milliseconds

2022-02-25 09:11:38 - [MESSAGE][PASSED] - Browser is opened with url: ''

2022-02-25 09:11:38 - [TEST_STEP][PASSED] - maximizeWindow(): Current window maximized

2022-02-25 09:11:39 - [MESSAGE][PASSED] - Current window maximized

2022-02-25 09:11:39 - [TEST_STEP][PASSED] - navigateToUrl(url): Navigate to 'https://stars-stage.hawk.ru:8080' successfully

2022-02-25 09:11:45 - [MESSAGE][PASSED] - Navigate to 'https://stars-stage.hawk.ru:8080' successfully

2022-02-25 09:11:45 - [TEST_STEP][PASSED] - setText(findTestObject("Object Repository/Page_/input__sc-lnrBVv eqPACj"), admin_login): Text 'TestAdmin@test.ru' is set on object 'Object Repository/Page_/input__sc-lnrBVv eqPACj'

2022-02-25 09:11:49 - [MESSAGE][PASSED] - Text 'TestAdmin@test.ru' is set on object 'Object Repository/Page_/input__sc-lnrBVv eqPACj'

2022-02-25 09:11:49 - [TEST_STEP][PASSED] - setText(findTestObject("Object Repository/Page_/input__sc-lnrBVv eqPACj_1"), admin_password): Text 'TestAdmin@test.ru' is set on object 'Object Repository/Page_/input__sc-lnrBVv eqPACj_1'

2022-02-25 09:11:53 - [MESSAGE][PASSED] - Text 'TestAdmin@test.ru' is set on object 'Object Repository/Page_/input__sc-lnrBVv eqPACj_1'

2022-02-25 09:11:53 - [TEST_STEP][PASSED] - click(findTestObject("Object Repository/Page_/go")): Object: 'Object Repository/Page_/go' is clicked on

2022-02-25 09:11:55 - [MESSAGE][PASSED] - Object: 'Object Repository/Page_/go' is clicked on

2022-02-25 09:11:55 - [MESSAGE][PASSED] - Call Test Case 'Test Cases/Администратор/Авторизация' successfully

2022-02-25 09:11:55 - [TEST_STEP][PASSED] - click(findTestObject("admin/reports/keys/reports/report")): Object: 'Object Repository/admin/reports/keys/reports/report' is clicked on

2022-02-25 09:12:18 - [MESSAGE][PASSED] - Object: 'Object Repository/admin/reports/keys/reports/report' is clicked on

2022-02-25 09:12:18 - [MESSAGE][PASSED] - Call Test Case 'Test Cases/Администратор/Отчет для тк' successfully

2022-02-25 09:12:18 - [TEST_STEP][PASSED] - click(findTestObject("Object Repository/Avangard New/Object (Администратор)/Case (Психофиз)/psyxofiz report")): Object: 'Object Repository/Avangard New/Object (Администратор)/Case (Психофиз)/psyxofiz report' is clicked on

2022-02-25 09:12:20 - [MESSAGE][PASSED] - Object: 'Object Repository/Avangard New/Object (Администратор)/Case (Психофиз)/psyxofiz report' is clicked on

2022-02-25 09:12:20 - [TEST_STEP][PASSED] - verifyElementText(findTestObject("Object Repository/Avangard New/Object (Администратор)/Case (Психофиз)/header report"), "ОТЧЕТ ПСИХОЛОГИЧЕСКОГО ПРОФИЛЯ"): Actual text and expected text of test object 'Object Repository/Avangard New/Object (Администратор)/Case (Психофиз)/header report' are matched.

2022-02-25 09:12:22 - [MESSAGE][PASSED] - Actual text and expected text of test object 'Object Repository/Avangard New/Object (Администратор)/Case (Психофиз)/header report' are matched.

2022-02-25 09:12:22 - [TEST_STEP][PASSED] - click(findTestObject("Object Repository/Avangard New/Object (Администратор)/Case (Психофиз)/scool")): Object: 'Object Repository/Avangard New/Object (Администратор)/Case (Психофиз)/scool' is clicked on

2022-02-25 09:12:24 - [MESSAGE][PASSED] - Object: 'Object Repository/Avangard New/Object (Администратор)/Case (Психофиз)/scool' is clicked on

2022-02-25 09:12:24 - [TEST_STEP][PASSED] - click(findTestObject("Object Repository/Avangard New/Object (Администратор)/Case (Психофиз)/div_")): Object: 'Object Repository/Avangard New/Object (Администратор)/Case (Психофиз)/div_' is clicked on

2022-02-25 09:12:26 - [MESSAGE][PASSED] - Object: 'Object Repository/Avangard New/Object (Администратор)/Case (Психофиз)/div_' is clicked on

2022-02-25 09:12:26 - [TEST_STEP][PASSED] - click(findTestObject("Object Repository/Avangard New/Object (Администратор)/Case (Психофиз)/team")): Object: 'Object Repository/Avangard New/Object (Администратор)/Case (Психофиз)/team' is clicked on

2022-02-25 09:12:29 - [MESSAGE][PASSED] - Object: 'Object Repository/Avangard New/Object (Администратор)/Case (Психофиз)/team' is clicked on

2022-02-25 09:12:29 - [TEST_STEP][PASSED] - click(findTestObject("Object Repository/Avangard New/Object (Администратор)/Case (Психофиз)/oya")): Object: 'Object Repository/Avangard New/Object (Администратор)/Case (Психофиз)/oya' is clicked on

2022-02-25 09:12:31 - [MESSAGE][PASSED] - Object: 'Object Repository/Avangard New/Object (Администратор)/Case (Психофиз)/oya' is clicked on

2022-02-25 09:12:31 - [TEST_STEP][PASSED] - setText(findTestObject("Object Repository/Avangard New/Object (Администратор)/Case (Психофиз)/input__ganin"), player_for_test): Text 'Ганин Данила' is set on object 'Object Repository/Avangard New/Object (Администратор)/Case (Психофиз)/input__ganin'

2022-02-25 09:12:35 - [MESSAGE][PASSED] - Text 'Ганин Данила' is set on object 'Object Repository/Avangard New/Object (Администратор)/Case (Психофиз)/input__ganin'

2022-02-25 09:12:35 - [TEST_STEP][PASSED] - sendKeys(findTestObject("Object Repository/admin/Global player"), Keys.chord(ENTER)): Keys 'ENTER + ' sent to object: 'Object Repository/admin/Global player'

2022-02-25 09:12:37 - [MESSAGE][PASSED] - Keys 'ENTER + ' sent to object: 'Object Repository/admin/Global player'

2022-02-25 09:12:37 - [TEST_STEP][PASSED] - click(findTestObject("Object Repository/Avangard New/Object (Администратор)/Case (Психофиз)/date")): Object: 'Object Repository/Avangard New/Object (Администратор)/Case (Психофиз)/date' is clicked on

2022-02-25 09:12:40 - [MESSAGE][PASSED] - Object: 'Object Repository/Avangard New/Object (Администратор)/Case (Психофиз)/date' is clicked on

2022-02-25 09:12:40 - [TEST_STEP][PASSED] - click(findTestObject("Object Repository/Avangard New/Object (Администратор)/Case (Психофиз)/date 14 01")): Object: 'Object Repository/Avangard New/Object (Администратор)/Case (Психофиз)/date 14 01' is clicked on

2022-02-25 09:12:42 - [MESSAGE][PASSED] - Object: 'Object Repository/Avangard New/Object (Администратор)/Case (Психофиз)/date 14 01' is clicked on

2022-02-25 09:12:42 - [TEST_STEP][PASSED] - scrollToElement(findTestObject("Avangard New/Object (Администратор)/Case (Психофиз)/reaction easy1"), 0): Scroll to object 'Object Repository/Avangard New/Object (Администратор)/Case (Психофиз)/reaction easy1' successfully

2022-02-25 09:12:42 - [MESSAGE][WARNING] - Timeout '0' is invalid. Using default page load timeout: '30'

2022-02-25 09:12:44 - [MESSAGE][PASSED] - Scroll to object 'Object Repository/Avangard New/Object (Администратор)/Case (Психофиз)/reaction easy1' successfully

2022-02-25 09:12:44 - [TEST_STEP][PASSED] - verifyElementText(findTestObject("Avangard New/Object (Администратор)/Case (Психофиз)/reaction easy1"), "Реакция на простой стимул"): Actual text and expected text of test object 'Object Repository/Avangard New/Object (Администратор)/Case (Психофиз)/reaction easy1' are matched.

2022-02-25 09:12:46 - [MESSAGE][PASSED] - Actual text and expected text of test object 'Object Repository/Avangard New/Object (Администратор)/Case (Психофиз)/reaction easy1' are matched.

2022-02-25 09:12:46 - [TEST_STEP][PASSED] - verifyElementText(findTestObject("Avangard New/Object (Администратор)/Case (Психофиз)/reaction hard1"), "Реакция на сложный стимул"): Actual text and expected text of test object 'Object Repository/Avangard New/Object (Администратор)/Case (Психофиз)/reaction hard1' are matched.

2022-02-25 09:12:48 - [MESSAGE][PASSED] - Actual text and expected text of test object 'Object Repository/Avangard New/Object (Администратор)/Case (Психофиз)/reaction hard1' are matched.

2022-02-25 09:12:48 - [TEST_STEP][PASSED] - scrollToElement(findTestObject("Object Repository/Avangard New/Object (Администратор)/Case (Психофиз)/season (1)"), 0): Scroll to object 'Object Repository/Avangard New/Object (Администратор)/Case (Психофиз)/season (1)' successfully

2022-02-25 09:12:48 - [MESSAGE][WARNING] - Timeout '0' is invalid. Using default page load timeout: '30'

2022-02-25 09:12:50 - [MESSAGE][PASSED] - Scroll to object 'Object Repository/Avangard New/Object (Администратор)/Case (Психофиз)/season (1)' successfully

2022-02-25 09:12:50 - [TEST_STEP][PASSED] - click(findTestObject("Object Repository/Avangard New/Object (Администратор)/Case (Психофиз)/topologic")): Object: 'Object Repository/Avangard New/Object (Администратор)/Case (Психофиз)/topologic' is clicked on

2022-02-25 09:12:52 - [MESSAGE][PASSED] - Object: 'Object Repository/Avangard New/Object (Администратор)/Case (Психофиз)/topologic' is clicked on

2022-02-25 09:12:52 - [TEST_STEP][PASSED] - click(findTestObject("Object Repository/Avangard New/Object (Администратор)/Case (Психофиз)/season (1)")): Object: 'Object Repository/Avangard New/Object (Администратор)/Case (Психофиз)/season (1)' is clicked on

2022-02-25 09:12:54 - [MESSAGE][PASSED] - Object: 'Object Repository/Avangard New/Object (Администратор)/Case (Психофиз)/season (1)' is clicked on

2022-02-25 09:12:54 - [TEST_STEP][PASSED] - click(findTestObject("Object Repository/Avangard New/Object (Администратор)/Case (Психофиз)/21-22")): Object: 'Object Repository/Avangard New/Object (Администратор)/Case (Психофиз)/21-22' is clicked on

2022-02-25 09:12:56 - [MESSAGE][PASSED] - Object: 'Object Repository/Avangard New/Object (Администратор)/Case (Психофиз)/21-22' is clicked on

2022-02-25 09:12:56 - [TEST_STEP][PASSED] - scrollToElement(findTestObject("Avangard New/Object (Администратор)/Case (Психофиз)/exstraversi"), 0): Scroll to object 'Object Repository/Avangard New/Object (Администратор)/Case (Психофиз)/exstraversi' successfully

2022-02-25 09:12:56 - [MESSAGE][WARNING] - Timeout '0' is invalid. Using default page load timeout: '30'

2022-02-25 09:12:58 - [MESSAGE][PASSED] - Scroll to object 'Object Repository/Avangard New/Object (Администратор)/Case (Психофиз)/exstraversi' successfully

2022-02-25 09:12:58 - [TEST_STEP][PASSED] - verifyElementText(findTestObject("Avangard New/Object (Администратор)/Case (Психофиз)/exstraversi"), "Экстраверсия"): Actual text and expected text of test object 'Object Repository/Avangard New/Object (Администратор)/Case (Психофиз)/exstraversi' are matched.

2022-02-25 09:13:00 - [MESSAGE][PASSED] - Actual text and expected text of test object 'Object Repository/Avangard New/Object (Администратор)/Case (Психофиз)/exstraversi' are matched.

2022-02-25 09:13:00 - [TEST_STEP][PASSED] - verifyElementText(findTestObject("Avangard New/Object (Администратор)/Case (Психофиз)/spontannost"), "Спонтанность"): Actual text and expected text of test object 'Object Repository/Avangard New/Object (Администратор)/Case (Психофиз)/spontannost' are matched.

2022-02-25 09:13:02 - [MESSAGE][PASSED] - Actual text and expected text of test object 'Object Repository/Avangard New/Object (Администратор)/Case (Психофиз)/spontannost' are matched.

2022-02-25 09:13:02 - [TEST_STEP][PASSED] - click(findTestObject("Object Repository/Avangard New/Object (Администратор)/Case (Психофиз)/home")): Object: 'Object Repository/Avangard New/Object (Администратор)/Case (Психофиз)/home' is clicked on

2022-02-25 09:13:04 - [MESSAGE][PASSED] - Object: 'Object Repository/Avangard New/Object (Администратор)/Case (Психофиз)/home' is clicked on

2022-02-25 09:13:04 - [TEST_STEP][PASSED] - closeBrowser(): Browser is closed

2022-02-25 09:13:04 - [MESSAGE][PASSED] - Browser is closed]]></system-out>
         <system-err><![CDATA[]]></system-err>
      </testcase>
      <testcase name="Test Cases/Администратор/ОТЧЕТЫ функциональные тесты/Отчет по играм за период" time="160.342" classname="Test Cases/Администратор/ОТЧЕТЫ функциональные тесты/Отчет по играм за период" status="PASSED">
         <system-out><![CDATA[2022-02-25 09:13:04 - [TEST_CASE][PASSED] - Test Cases/Администратор/ОТЧЕТЫ функциональные тесты/Отчет по играм за период: Test Cases/Администратор/ОТЧЕТЫ функциональные тесты/Отчет по играм за период

2022-02-25 09:13:06 - [TEST_STEP][PASSED] - callTestCase(findTestCase("Администратор/Отчет для тк"), [:], STOP_ON_FAILURE): Call Test Case 'Test Cases/Администратор/Отчет для тк' successfully

2022-02-25 09:13:06 - [TEST_CASE][PASSED] - Test Cases/Администратор/Отчет для тк: Test Cases/Администратор/Отчет для тк

2022-02-25 09:13:06 - [TEST_STEP][PASSED] - callTestCase(findTestCase("Администратор/Авторизация"), [:], STOP_ON_FAILURE): Call Test Case 'Test Cases/Администратор/Авторизация' successfully

2022-02-25 09:13:06 - [TEST_CASE][PASSED] - Test Cases/Администратор/Авторизация: Test Cases/Администратор/Авторизация

2022-02-25 09:13:06 - [TEST_STEP][PASSED] - openBrowser(""): Browser is opened with url: ''

2022-02-25 09:13:06 - [MESSAGE][INFO] - User set preference: ['os', 'linux']

2022-02-25 09:13:06 - [MESSAGE][INFO] - User set preference: ['browserName', 'chrome']

2022-02-25 09:13:06 - [MESSAGE][INFO] - User set preference: ['browserVersion', '97']

2022-02-25 09:13:06 - [MESSAGE][INFO] - User set preference: ['katalon:option', '{organizationId=564672, tunnelId=, usingTunnel=false}']

2022-02-25 09:13:06 - [MESSAGE][INFO] - Connecting to remote web server 'testcloud.katalon.com/hub' with type 'Selenium'

2022-02-25 09:13:06 - [MESSAGE][INFO] - Action delay is set to 100 milliseconds

2022-02-25 09:14:09 - [MESSAGE][PASSED] - Browser is opened with url: ''

2022-02-25 09:14:09 - [TEST_STEP][PASSED] - maximizeWindow(): Current window maximized

2022-02-25 09:14:10 - [MESSAGE][PASSED] - Current window maximized

2022-02-25 09:14:10 - [TEST_STEP][PASSED] - navigateToUrl(url): Navigate to 'https://stars-stage.hawk.ru:8080' successfully

2022-02-25 09:14:18 - [MESSAGE][PASSED] - Navigate to 'https://stars-stage.hawk.ru:8080' successfully

2022-02-25 09:14:18 - [TEST_STEP][PASSED] - setText(findTestObject("Object Repository/Page_/input__sc-lnrBVv eqPACj"), admin_login): Text 'TestAdmin@test.ru' is set on object 'Object Repository/Page_/input__sc-lnrBVv eqPACj'

2022-02-25 09:14:22 - [MESSAGE][PASSED] - Text 'TestAdmin@test.ru' is set on object 'Object Repository/Page_/input__sc-lnrBVv eqPACj'

2022-02-25 09:14:22 - [TEST_STEP][PASSED] - setText(findTestObject("Object Repository/Page_/input__sc-lnrBVv eqPACj_1"), admin_password): Text 'TestAdmin@test.ru' is set on object 'Object Repository/Page_/input__sc-lnrBVv eqPACj_1'

2022-02-25 09:14:26 - [MESSAGE][PASSED] - Text 'TestAdmin@test.ru' is set on object 'Object Repository/Page_/input__sc-lnrBVv eqPACj_1'

2022-02-25 09:14:26 - [TEST_STEP][PASSED] - click(findTestObject("Object Repository/Page_/go")): Object: 'Object Repository/Page_/go' is clicked on

2022-02-25 09:14:28 - [MESSAGE][PASSED] - Object: 'Object Repository/Page_/go' is clicked on

2022-02-25 09:14:28 - [MESSAGE][PASSED] - Call Test Case 'Test Cases/Администратор/Авторизация' successfully

2022-02-25 09:14:28 - [TEST_STEP][PASSED] - click(findTestObject("admin/reports/keys/reports/report")): Object: 'Object Repository/admin/reports/keys/reports/report' is clicked on

2022-02-25 09:14:47 - [MESSAGE][PASSED] - Object: 'Object Repository/admin/reports/keys/reports/report' is clicked on

2022-02-25 09:14:47 - [MESSAGE][PASSED] - Call Test Case 'Test Cases/Администратор/Отчет для тк' successfully

2022-02-25 09:14:47 - [TEST_STEP][PASSED] - click(findTestObject("Object Repository/admin/reports/period/Page_/div_")): Object: 'Object Repository/admin/reports/period/Page_/div_' is clicked on

2022-02-25 09:14:49 - [MESSAGE][PASSED] - Object: 'Object Repository/admin/reports/period/Page_/div_' is clicked on

2022-02-25 09:14:49 - [TEST_STEP][PASSED] - verifyTextPresent("ОТЧЕТ ПО ИГРАМ ЗА ПЕРИОД", true): Text 'ОТЧЕТ ПО ИГРАМ ЗА ПЕРИОД' is present on page  using regular expression

2022-02-25 09:14:51 - [MESSAGE][PASSED] - Text 'ОТЧЕТ ПО ИГРАМ ЗА ПЕРИОД' is present on page  using regular expression

2022-02-25 09:14:51 - [TEST_STEP][PASSED] - setText(findTestObject("Object Repository/admin/reports/period/Page_/input__react-select-2-input"), "академия"): Text 'академия' is set on object 'Object Repository/admin/reports/period/Page_/input__react-select-2-input'

2022-02-25 09:14:55 - [MESSAGE][PASSED] - Text 'академия' is set on object 'Object Repository/admin/reports/period/Page_/input__react-select-2-input'

2022-02-25 09:14:55 - [TEST_STEP][PASSED] - sendKeys(findTestObject("Object Repository/admin/reports/period/Page_/input__react-select-2-input"), Keys.chord(ENTER)): Keys 'ENTER + ' sent to object: 'Object Repository/admin/reports/period/Page_/input__react-select-2-input'

2022-02-25 09:14:57 - [MESSAGE][PASSED] - Keys 'ENTER + ' sent to object: 'Object Repository/admin/reports/period/Page_/input__react-select-2-input'

2022-02-25 09:14:57 - [TEST_STEP][PASSED] - setText(findTestObject("Object Repository/admin/reports/period/Page_/input__react-select-3-input"), school): Text 'Омские Ястребы' is set on object 'Object Repository/admin/reports/period/Page_/input__react-select-3-input'

2022-02-25 09:15:01 - [MESSAGE][PASSED] - Text 'Омские Ястребы' is set on object 'Object Repository/admin/reports/period/Page_/input__react-select-3-input'

2022-02-25 09:15:01 - [TEST_STEP][PASSED] - sendKeys(findTestObject("Object Repository/admin/reports/period/Page_/input__react-select-3-input"), Keys.chord(ENTER)): Keys 'ENTER + ' sent to object: 'Object Repository/admin/reports/period/Page_/input__react-select-3-input'

2022-02-25 09:15:03 - [MESSAGE][PASSED] - Keys 'ENTER + ' sent to object: 'Object Repository/admin/reports/period/Page_/input__react-select-3-input'

2022-02-25 09:15:03 - [TEST_STEP][PASSED] - setText(findTestObject("Object Repository/admin/reports/period/Page_/input_._year"), "2020"): Text '2020' is set on object 'Object Repository/admin/reports/period/Page_/input_._year'

2022-02-25 09:15:09 - [MESSAGE][PASSED] - Text '2020' is set on object 'Object Repository/admin/reports/period/Page_/input_._year'

2022-02-25 09:15:09 - [TEST_STEP][PASSED] - waitForElementNotPresent(findTestObject("Object Repository/admin/reports/period/Page_/img_ _sc-cMljjf KiCqS"), 0): Web element with id: 'Object Repository/admin/reports/period/Page_/img_ _sc-cMljjf KiCqS' located by 'By.xpath: //div[@id='root']/div/div/div[2]/div/div[2]/div/div/div/img' is not present after '30' second(s)

2022-02-25 09:15:10 - [MESSAGE][WARNING] - Timeout '0' is invalid. Using default page load timeout: '30'

2022-02-25 09:15:17 - [MESSAGE][PASSED] - Web element with id: 'Object Repository/admin/reports/period/Page_/img_ _sc-cMljjf KiCqS' located by 'By.xpath: //div[@id='root']/div/div/div[2]/div/div[2]/div/div/div/img' is not present after '30' second(s)

2022-02-25 09:15:17 - [TEST_STEP][PASSED] - verifyTextPresent("Управление командой со скамейки", true): Text 'Управление командой со скамейки' is present on page  using regular expression

2022-02-25 09:15:21 - [MESSAGE][PASSED] - Text 'Управление командой со скамейки' is present on page  using regular expression

2022-02-25 09:15:21 - [TEST_STEP][PASSED] - verifyTextPresent("Самоотверженность / воля к победе", true): Text 'Самоотверженность / воля к победе' is present on page  using regular expression

2022-02-25 09:15:25 - [MESSAGE][PASSED] - Text 'Самоотверженность / воля к победе' is present on page  using regular expression

2022-02-25 09:15:25 - [TEST_STEP][PASSED] - verifyTextPresent("СРЕДНЯЯ ОЦЕНКА", false): Text 'СРЕДНЯЯ ОЦЕНКА' is present on page 

2022-02-25 09:15:28 - [MESSAGE][PASSED] - Text 'СРЕДНЯЯ ОЦЕНКА' is present on page 

2022-02-25 09:15:28 - [TEST_STEP][PASSED] - verifyTextPresent("АТАКУЮЩИЕ ДЕЙСТВИЯ", false): Text 'АТАКУЮЩИЕ ДЕЙСТВИЯ' is present on page 

2022-02-25 09:15:32 - [MESSAGE][PASSED] - Text 'АТАКУЮЩИЕ ДЕЙСТВИЯ' is present on page 

2022-02-25 09:15:32 - [TEST_STEP][PASSED] - verifyTextPresent("ОБОРОНИТЕЛЬНЫЕ ДЕЙСТВИЯ", false): Text 'ОБОРОНИТЕЛЬНЫЕ ДЕЙСТВИЯ' is present on page 

2022-02-25 09:15:36 - [MESSAGE][PASSED] - Text 'ОБОРОНИТЕЛЬНЫЕ ДЕЙСТВИЯ' is present on page 

2022-02-25 09:15:36 - [TEST_STEP][PASSED] - verifyTextPresent("Защитник", false): Text 'Защитник' is present on page 

2022-02-25 09:15:39 - [MESSAGE][PASSED] - Text 'Защитник' is present on page 

2022-02-25 09:15:39 - [TEST_STEP][PASSED] - verifyTextPresent("Нападающий", false): Text 'Нападающий' is present on page 

2022-02-25 09:15:42 - [MESSAGE][PASSED] - Text 'Нападающий' is present on page 

2022-02-25 09:15:42 - [TEST_STEP][PASSED] - click(findTestObject("Object Repository/admin/reports/period/Page_/root")): Object: 'Object Repository/admin/reports/period/Page_/root' is clicked on

2022-02-25 09:15:44 - [MESSAGE][PASSED] - Object: 'Object Repository/admin/reports/period/Page_/root' is clicked on

2022-02-25 09:15:44 - [TEST_STEP][PASSED] - closeBrowser(): Browser is closed

2022-02-25 09:15:45 - [MESSAGE][PASSED] - Browser is closed]]></system-out>
         <system-err><![CDATA[]]></system-err>
      </testcase>
      <testcase name="Test Cases/Администратор/ОТЧЕТЫ функциональные тесты/Игровая статистика" time="105.981" classname="Test Cases/Администратор/ОТЧЕТЫ функциональные тесты/Игровая статистика" status="PASSED">
         <system-out><![CDATA[2022-02-25 09:15:45 - [TEST_CASE][PASSED] - Test Cases/Администратор/ОТЧЕТЫ функциональные тесты/Игровая статистика: Test Cases/Администратор/ОТЧЕТЫ функциональные тесты/Игровая статистика

2022-02-25 09:15:46 - [TEST_STEP][PASSED] - callTestCase(findTestCase("Администратор/Авторизация"), [:], STOP_ON_FAILURE): Call Test Case 'Test Cases/Администратор/Авторизация' successfully

2022-02-25 09:15:46 - [TEST_CASE][PASSED] - Test Cases/Администратор/Авторизация: Test Cases/Администратор/Авторизация

2022-02-25 09:15:46 - [TEST_STEP][PASSED] - openBrowser(""): Browser is opened with url: ''

2022-02-25 09:15:46 - [MESSAGE][INFO] - User set preference: ['os', 'linux']

2022-02-25 09:15:46 - [MESSAGE][INFO] - User set preference: ['browserName', 'chrome']

2022-02-25 09:15:46 - [MESSAGE][INFO] - User set preference: ['browserVersion', '97']

2022-02-25 09:15:46 - [MESSAGE][INFO] - User set preference: ['katalon:option', '{organizationId=564672, tunnelId=, usingTunnel=false}']

2022-02-25 09:15:46 - [MESSAGE][INFO] - Connecting to remote web server 'testcloud.katalon.com/hub' with type 'Selenium'

2022-02-25 09:15:46 - [MESSAGE][INFO] - Action delay is set to 100 milliseconds

2022-02-25 09:16:10 - [MESSAGE][PASSED] - Browser is opened with url: ''

2022-02-25 09:16:10 - [TEST_STEP][PASSED] - maximizeWindow(): Current window maximized

2022-02-25 09:16:10 - [MESSAGE][PASSED] - Current window maximized

2022-02-25 09:16:10 - [TEST_STEP][PASSED] - navigateToUrl(url): Navigate to 'https://stars-stage.hawk.ru:8080' successfully

2022-02-25 09:16:16 - [MESSAGE][PASSED] - Navigate to 'https://stars-stage.hawk.ru:8080' successfully

2022-02-25 09:16:16 - [TEST_STEP][PASSED] - setText(findTestObject("Object Repository/Page_/input__sc-lnrBVv eqPACj"), admin_login): Text 'TestAdmin@test.ru' is set on object 'Object Repository/Page_/input__sc-lnrBVv eqPACj'

2022-02-25 09:16:20 - [MESSAGE][PASSED] - Text 'TestAdmin@test.ru' is set on object 'Object Repository/Page_/input__sc-lnrBVv eqPACj'

2022-02-25 09:16:20 - [TEST_STEP][PASSED] - setText(findTestObject("Object Repository/Page_/input__sc-lnrBVv eqPACj_1"), admin_password): Text 'TestAdmin@test.ru' is set on object 'Object Repository/Page_/input__sc-lnrBVv eqPACj_1'

2022-02-25 09:16:24 - [MESSAGE][PASSED] - Text 'TestAdmin@test.ru' is set on object 'Object Repository/Page_/input__sc-lnrBVv eqPACj_1'

2022-02-25 09:16:24 - [TEST_STEP][PASSED] - click(findTestObject("Object Repository/Page_/go")): Object: 'Object Repository/Page_/go' is clicked on

2022-02-25 09:16:26 - [MESSAGE][PASSED] - Object: 'Object Repository/Page_/go' is clicked on

2022-02-25 09:16:26 - [MESSAGE][PASSED] - Call Test Case 'Test Cases/Администратор/Авторизация' successfully

2022-02-25 09:16:26 - [TEST_STEP][PASSED] - click(findTestObject("Object Repository/admin/reports/gamestat/reports/report")): Object: 'Object Repository/admin/reports/gamestat/reports/report' is clicked on

2022-02-25 09:16:43 - [MESSAGE][PASSED] - Object: 'Object Repository/admin/reports/gamestat/reports/report' is clicked on

2022-02-25 09:16:43 - [TEST_STEP][PASSED] - click(findTestObject("Object Repository/admin/reports/gamestat/Page_/stats_report")): Object: 'Object Repository/admin/reports/gamestat/Page_/stats_report' is clicked on

2022-02-25 09:16:45 - [MESSAGE][PASSED] - Object: 'Object Repository/admin/reports/gamestat/Page_/stats_report' is clicked on

2022-02-25 09:16:45 - [TEST_STEP][PASSED] - verifyTextPresent("ИГРОВАЯ СТАТИСТИКА", true): Text 'ИГРОВАЯ СТАТИСТИКА' is present on page  using regular expression

2022-02-25 09:16:47 - [MESSAGE][PASSED] - Text 'ИГРОВАЯ СТАТИСТИКА' is present on page  using regular expression

2022-02-25 09:16:47 - [TEST_STEP][PASSED] - click(findTestObject("Object Repository/admin/reports/gamestat/Page_/school")): Object: 'Object Repository/admin/reports/gamestat/Page_/school' is clicked on

2022-02-25 09:16:49 - [MESSAGE][PASSED] - Object: 'Object Repository/admin/reports/gamestat/Page_/school' is clicked on

2022-02-25 09:16:49 - [TEST_STEP][PASSED] - click(findTestObject("Object Repository/admin/reports/gamestat/Page_/Academy")): Object: 'Object Repository/admin/reports/gamestat/Page_/Academy' is clicked on

2022-02-25 09:16:51 - [MESSAGE][PASSED] - Object: 'Object Repository/admin/reports/gamestat/Page_/Academy' is clicked on

2022-02-25 09:16:51 - [TEST_STEP][PASSED] - click(findTestObject("Object Repository/admin/reports/gamestat/Page_/team")): Object: 'Object Repository/admin/reports/gamestat/Page_/team' is clicked on

2022-02-25 09:16:58 - [MESSAGE][PASSED] - Object: 'Object Repository/admin/reports/gamestat/Page_/team' is clicked on

2022-02-25 09:16:58 - [TEST_STEP][PASSED] - click(findTestObject("Object Repository/admin/reports/gamestat/Page_/varteam")): Object: 'Object Repository/admin/reports/gamestat/Page_/varteam' is clicked on

2022-02-25 09:17:00 - [MESSAGE][PASSED] - Object: 'Object Repository/admin/reports/gamestat/Page_/varteam' is clicked on

2022-02-25 09:17:00 - [TEST_STEP][PASSED] - click(findTestObject("Object Repository/admin/reports/gamestat/Page_/choseSeason")): Object: 'Object Repository/admin/reports/gamestat/Page_/choseSeason' is clicked on

2022-02-25 09:17:04 - [MESSAGE][PASSED] - Object: 'Object Repository/admin/reports/gamestat/Page_/choseSeason' is clicked on

2022-02-25 09:17:04 - [TEST_STEP][PASSED] - click(findTestObject("Object Repository/admin/reports/gamestat/Page_/div_21-22_1")): Object: 'Object Repository/admin/reports/gamestat/Page_/div_21-22_1' is clicked on

2022-02-25 09:17:06 - [MESSAGE][PASSED] - Object: 'Object Repository/admin/reports/gamestat/Page_/div_21-22_1' is clicked on

2022-02-25 09:17:06 - [TEST_STEP][PASSED] - takeFullPageScreenshot("C:\scr\" + school + "10.jpg"): Taking screenshot successfully

2022-02-25 09:17:12 - [MESSAGE][INFO] - 0 hidden object(s)

2022-02-25 09:17:12 - [MESSAGE][PASSED] - Taking screenshot successfully
[[ATTACHMENT|C:\scr\Омские Ястребы10.jpg]]

2022-02-25 09:17:12 - [TEST_STEP][PASSED] - verifyTextPresent("Матчи", true): Text 'Матчи' is present on page  using regular expression

2022-02-25 09:17:15 - [MESSAGE][PASSED] - Text 'Матчи' is present on page  using regular expression

2022-02-25 09:17:15 - [TEST_STEP][PASSED] - verifyTextPresent("Смены", true): Text 'Смены' is present on page  using regular expression

2022-02-25 09:17:17 - [MESSAGE][PASSED] - Text 'Смены' is present on page  using regular expression

2022-02-25 09:17:17 - [TEST_STEP][PASSED] - verifyTextPresent("Голы за", false): Text 'Голы за' is present on page 

2022-02-25 09:17:19 - [MESSAGE][PASSED] - Text 'Голы за' is present on page 

2022-02-25 09:17:19 - [TEST_STEP][PASSED] - verifyTextPresent("Голы против", false): Text 'Голы против' is present on page 

2022-02-25 09:17:22 - [MESSAGE][PASSED] - Text 'Голы против' is present on page 

2022-02-25 09:17:22 - [TEST_STEP][PASSED] - takeFullPageScreenshot("C:\scr\" + school + "11.jpg"): Taking screenshot successfully

2022-02-25 09:17:28 - [MESSAGE][INFO] - 0 hidden object(s)

2022-02-25 09:17:28 - [MESSAGE][PASSED] - Taking screenshot successfully
[[ATTACHMENT|C:\scr\Омские Ястребы11.jpg]]

2022-02-25 09:17:28 - [TEST_STEP][PASSED] - click(findTestObject("Object Repository/admin/reports/gamestat/Page_/root")): Object: 'Object Repository/admin/reports/gamestat/Page_/root' is clicked on

2022-02-25 09:17:30 - [MESSAGE][PASSED] - Object: 'Object Repository/admin/reports/gamestat/Page_/root' is clicked on

2022-02-25 09:17:30 - [TEST_STEP][PASSED] - closeBrowser(): Browser is closed

2022-02-25 09:17:31 - [MESSAGE][PASSED] - Browser is closed]]></system-out>
         <system-err><![CDATA[]]></system-err>
      </testcase>
      <testcase name="Test Cases/Администратор/Отчет для тк" time="59.697" classname="Test Cases/Администратор/Отчет для тк" status="PASSED">
         <system-out><![CDATA[2022-02-25 09:17:31 - [TEST_CASE][PASSED] - Test Cases/Администратор/Отчет для тк: Test Cases/Администратор/Отчет для тк

2022-02-25 09:17:31 - [TEST_STEP][PASSED] - callTestCase(findTestCase("Администратор/Авторизация"), [:], STOP_ON_FAILURE): Call Test Case 'Test Cases/Администратор/Авторизация' successfully

2022-02-25 09:17:31 - [TEST_CASE][PASSED] - Test Cases/Администратор/Авторизация: Test Cases/Администратор/Авторизация

2022-02-25 09:17:31 - [TEST_STEP][PASSED] - openBrowser(""): Browser is opened with url: ''

2022-02-25 09:17:31 - [MESSAGE][INFO] - User set preference: ['os', 'linux']

2022-02-25 09:17:31 - [MESSAGE][INFO] - User set preference: ['browserName', 'chrome']

2022-02-25 09:17:31 - [MESSAGE][INFO] - User set preference: ['browserVersion', '97']

2022-02-25 09:17:31 - [MESSAGE][INFO] - User set preference: ['katalon:option', '{organizationId=564672, tunnelId=, usingTunnel=false}']

2022-02-25 09:17:31 - [MESSAGE][INFO] - Connecting to remote web server 'testcloud.katalon.com/hub' with type 'Selenium'

2022-02-25 09:17:31 - [MESSAGE][INFO] - Action delay is set to 100 milliseconds

2022-02-25 09:17:52 - [MESSAGE][PASSED] - Browser is opened with url: ''

2022-02-25 09:17:52 - [TEST_STEP][PASSED] - maximizeWindow(): Current window maximized

2022-02-25 09:17:53 - [MESSAGE][PASSED] - Current window maximized

2022-02-25 09:17:53 - [TEST_STEP][PASSED] - navigateToUrl(url): Navigate to 'https://stars-stage.hawk.ru:8080' successfully

2022-02-25 09:17:59 - [MESSAGE][PASSED] - Navigate to 'https://stars-stage.hawk.ru:8080' successfully

2022-02-25 09:17:59 - [TEST_STEP][PASSED] - setText(findTestObject("Object Repository/Page_/input__sc-lnrBVv eqPACj"), admin_login): Text 'TestAdmin@test.ru' is set on object 'Object Repository/Page_/input__sc-lnrBVv eqPACj'

[...]

2022-02-25 09:14:47 - [TEST_STEP][PASSED] - callTestCase(findTestCase("Администратор/Авторизация"), [:], STOP_ON_FAILURE): Call Test Case 'Test Cases/Администратор/Авторизация' successfully

2022-02-25 09:14:47 - [TEST_CASE][PASSED] - Test Cases/Администратор/Авторизация: Test Cases/Администратор/Авторизация

2022-02-25 09:14:47 - [TEST_STEP][PASSED] - openBrowser(""): Browser is opened with url: ''

2022-02-25 09:14:47 - [MESSAGE][WARNING] - A browser is already opened. Closing browser and opening a new one

2022-02-25 09:14:48 - [MESSAGE][INFO] - User set preference: ['os', 'linux']

2022-02-25 09:14:48 - [MESSAGE][INFO] - User set preference: ['browserName', 'chrome']

2022-02-25 09:14:48 - [MESSAGE][INFO] - User set preference: ['browserVersion', '97']

2022-02-25 09:14:48 - [MESSAGE][INFO] - User set preference: ['katalon:option', '{organizationId=564672, tunnelId=, usingTunnel=false}']

2022-02-25 09:14:48 - [MESSAGE][INFO] - Connecting to remote web server 'testcloud.katalon.com/hub' with type 'Selenium'

2022-02-25 09:14:48 - [MESSAGE][INFO] - Action delay is set to 100 milliseconds

2022-02-25 09:15:24 - [MESSAGE][PASSED] - Browser is opened with url: ''

2022-02-25 09:15:24 - [TEST_STEP][PASSED] - maximizeWindow(): Current window maximized

2022-02-25 09:15:25 - [MESSAGE][PASSED] - Current window maximized

2022-02-25 09:15:25 - [TEST_STEP][PASSED] - navigateToUrl(url): Navigate to 'https://stars-stage.hawk.ru:8080' successfully

2022-02-25 09:15:31 - [MESSAGE][PASSED] - Navigate to 'https://stars-stage.hawk.ru:8080' successfully

2022-02-25 09:15:31 - [TEST_STEP][PASSED] - setText(findTestObject("Object Repository/Page_/input__sc-lnrBVv eqPACj"), admin_login): Text 'eronko.i@hc-avangard.com' is set on object 'Object Repository/Page_/input__sc-lnrBVv eqPACj'

2022-02-25 09:15:36 - [MESSAGE][PASSED] - Text 'eronko.i@hc-avangard.com' is set on object 'Object Repository/Page_/input__sc-lnrBVv eqPACj'

2022-02-25 09:15:36 - [TEST_STEP][PASSED] - setText(findTestObject("Object Repository/Page_/input__sc-lnrBVv eqPACj_1"), admin_password): Text 'eronko.i' is set on object 'Object Repository/Page_/input__sc-lnrBVv eqPACj_1'

2022-02-25 09:15:39 - [MESSAGE][PASSED] - Text 'eronko.i' is set on object 'Object Repository/Page_/input__sc-lnrBVv eqPACj_1'

2022-02-25 09:15:39 - [TEST_STEP][PASSED] - click(findTestObject("Object Repository/Page_/go")): Object: 'Object Repository/Page_/go' is clicked on

2022-02-25 09:15:41 - [MESSAGE][PASSED] - Object: 'Object Repository/Page_/go' is clicked on

2022-02-25 09:15:41 - [MESSAGE][PASSED] - Call Test Case 'Test Cases/Администратор/Авторизация' successfully

2022-02-25 09:15:41 - [TEST_STEP][PASSED] - click(findTestObject("Avangard New/Object (Менеджер)/documents (Вкладка)")): Object: 'Object Repository/Avangard New/Object (Менеджер)/documents (Вкладка)' is clicked on

2022-02-25 09:15:56 - [MESSAGE][PASSED] - Object: 'Object Repository/Avangard New/Object (Менеджер)/documents (Вкладка)' is clicked on

2022-02-25 09:15:56 - [TEST_STEP][PASSED] - waitForPageLoad(10): Wait for page load successfully

2022-02-25 09:15:57 - [MESSAGE][PASSED] - Wait for page load successfully

2022-02-25 09:15:57 - [TEST_STEP][PASSED] - click(findTestObject("Avangard New/Object (Менеджер)/document (Сам документ)")): Object: 'Object Repository/Avangard New/Object (Менеджер)/document (Сам документ)' is clicked on

2022-02-25 09:16:00 - [MESSAGE][PASSED] - Object: 'Object Repository/Avangard New/Object (Менеджер)/document (Сам документ)' is clicked on

2022-02-25 09:16:00 - [TEST_STEP][PASSED] - verifyElementClickable(findTestObject("Avangard New/Object (Менеджер)/button download")): Object 'Object Repository/Avangard New/Object (Менеджер)/button download' is clickable

2022-02-25 09:16:02 - [MESSAGE][PASSED] - Object 'Object Repository/Avangard New/Object (Менеджер)/button download' is clickable

2022-02-25 09:16:02 - [TEST_STEP][NOT_RUN] - sendKeys(findTestObject("Avangard New/Object (Менеджер)/button download"), Keys.chord(ESCAPE)): NOT_RUN: sendKeys(findTestObject("Avangard New/Object (Менеджер)/button download"), Keys.chord(ESCAPE))

2022-02-25 09:16:02 - [MESSAGE][NOT_RUN] - NOT_RUN: sendKeys(findTestObject("Avangard New/Object (Менеджер)/button download"), Keys.chord(ESCAPE))

2022-02-25 09:16:02 - [TEST_STEP][PASSED] - click(findTestObject("Avangard New/Object (Менеджер)/exit (Выход с формы)")): Object: 'Object Repository/Avangard New/Object (Менеджер)/exit (Выход с формы)' is clicked on

2022-02-25 09:16:04 - [MESSAGE][PASSED] - Object: 'Object Repository/Avangard New/Object (Менеджер)/exit (Выход с формы)' is clicked on

2022-02-25 09:16:04 - [TEST_STEP][PASSED] - click(findTestObject("Avangard New/Object (Менеджер)/home (Главная)")): Object: 'Object Repository/Avangard New/Object (Менеджер)/home (Главная)' is clicked on

2022-02-25 09:16:06 - [MESSAGE][PASSED] - Object: 'Object Repository/Avangard New/Object (Менеджер)/home (Главная)' is clicked on

2022-02-25 09:16:06 - [TEST_STEP][PASSED] - closeBrowser(): Browser is closed

2022-02-25 09:16:07 - [MESSAGE][PASSED] - Browser is closed]]></system-out>
         <system-err><![CDATA[]]></system-err>
      </testcase>
      <testcase name="Test Cases/Менеджер/Профиль Менеджера" time="69.85" classname="Test Cases/Менеджер/Профиль Менеджера" status="PASSED">
         <system-out><![CDATA[2022-02-25 09:16:07 - [TEST_CASE][PASSED] - Test Cases/Менеджер/Профиль Менеджера: Test Cases/Менеджер/Профиль Менеджера

2022-02-25 09:16:08 - [TEST_STEP][PASSED] - callTestCase(findTestCase("Администратор/Авторизация"), [:], STOP_ON_FAILURE): Call Test Case 'Test Cases/Администратор/Авторизация' successfully

2022-02-25 09:16:08 - [TEST_CASE][PASSED] - Test Cases/Администратор/Авторизация: Test Cases/Администратор/Авторизация

2022-02-25 09:16:08 - [TEST_STEP][PASSED] - openBrowser(""): Browser is opened with url: ''

2022-02-25 09:16:08 - [MESSAGE][INFO] - User set preference: ['os', 'linux']

2022-02-25 09:16:08 - [MESSAGE][INFO] - User set preference: ['browserName', 'chrome']

2022-02-25 09:16:08 - [MESSAGE][INFO] - User set preference: ['browserVersion', '97']

2022-02-25 09:16:08 - [MESSAGE][INFO] - User set preference: ['katalon:option', '{organizationId=564672, tunnelId=, usingTunnel=false}']

2022-02-25 09:16:08 - [MESSAGE][INFO] - Connecting to remote web server 'testcloud.katalon.com/hub' with type 'Selenium'

2022-02-25 09:16:08 - [MESSAGE][INFO] - Action delay is set to 100 milliseconds

2022-02-25 09:16:40 - [MESSAGE][PASSED] - Browser is opened with url: ''

2022-02-25 09:16:40 - [TEST_STEP][PASSED] - maximizeWindow(): Current window maximized

2022-02-25 09:16:40 - [MESSAGE][PASSED] - Current window maximized

2022-02-25 09:16:40 - [TEST_STEP][PASSED] - navigateToUrl(url): Navigate to 'https://stars-stage.hawk.ru:8080' successfully

2022-02-25 09:16:46 - [MESSAGE][PASSED] - Navigate to 'https://stars-stage.hawk.ru:8080' successfully

2022-02-25 09:16:46 - [TEST_STEP][PASSED] - setText(findTestObject("Object Repository/Page_/input__sc-lnrBVv eqPACj"), admin_login): Text 'eronko.i@hc-avangard.com' is set on object 'Object Repository/Page_/input__sc-lnrBVv eqPACj'

2022-02-25 09:16:50 - [MESSAGE][PASSED] - Text 'eronko.i@hc-avangard.com' is set on object 'Object Repository/Page_/input__sc-lnrBVv eqPACj'

2022-02-25 09:16:50 - [TEST_STEP][PASSED] - setText(findTestObject("Object Repository/Page_/input__sc-lnrBVv eqPACj_1"), admin_password): Text 'eronko.i' is set on object 'Object Repository/Page_/input__sc-lnrBVv eqPACj_1'

2022-02-25 09:16:54 - [MESSAGE][PASSED] - Text 'eronko.i' is set on object 'Object Repository/Page_/input__sc-lnrBVv eqPACj_1'

2022-02-25 09:16:54 - [TEST_STEP][PASSED] - click(findTestObject("Object Repository/Page_/go")): Object: 'Object Repository/Page_/go' is clicked on

2022-02-25 09:16:56 - [MESSAGE][PASSED] - Object: 'Object Repository/Page_/go' is clicked on

2022-02-25 09:16:56 - [MESSAGE][PASSED] - Call Test Case 'Test Cases/Администратор/Авторизация' successfully

2022-02-25 09:16:56 - [TEST_STEP][PASSED] - scrollToElement(findTestObject("Object Repository/Avangard New/Object (Менеджер)/Eronko"), 0): Scroll to object 'Object Repository/Avangard New/Object (Менеджер)/Eronko' successfully

2022-02-25 09:16:56 - [MESSAGE][WARNING] - Timeout '0' is invalid. Using default page load timeout: '30'

2022-02-25 09:17:07 - [MESSAGE][PASSED] - Scroll to object 'Object Repository/Avangard New/Object (Менеджер)/Eronko' successfully

2022-02-25 09:17:07 - [TEST_STEP][PASSED] - click(findTestObject("Object Repository/Avangard New/Object (Менеджер)/Eronko")): Object: 'Object Repository/Avangard New/Object (Менеджер)/Eronko' is clicked on

2022-02-25 09:17:10 - [MESSAGE][PASSED] - Object: 'Object Repository/Avangard New/Object (Менеджер)/Eronko' is clicked on

2022-02-25 09:17:10 - [TEST_STEP][PASSED] - verifyTextPresent("РЕДАКТИРОВАНИЕ ПРОФИЛЯ", true): Text 'РЕДАКТИРОВАНИЕ ПРОФИЛЯ' is present on page  using regular expression

2022-02-25 09:17:12 - [MESSAGE][PASSED] - Text 'РЕДАКТИРОВАНИЕ ПРОФИЛЯ' is present on page  using regular expression

2022-02-25 09:17:12 - [TEST_STEP][NOT_RUN] - takeFullPageScreenshot("C:\scr\" + school + "33.jpg"): NOT_RUN: takeFullPageScreenshot("C:\scr\" + school + "33.jpg")

2022-02-25 09:17:12 - [MESSAGE][NOT_RUN] - NOT_RUN: takeFullPageScreenshot("C:\scr\" + school + "33.jpg")

2022-02-25 09:17:12 - [TEST_STEP][PASSED] - click(findTestObject("Avangard New/Object (Менеджер)/save (кнопка)")): Object: 'Object Repository/Avangard New/Object (Менеджер)/save (кнопка)' is clicked on

2022-02-25 09:17:14 - [MESSAGE][PASSED] - Object: 'Object Repository/Avangard New/Object (Менеджер)/save (кнопка)' is clicked on

2022-02-25 09:17:14 - [TEST_STEP][PASSED] - verifyTextPresent("Пользователь сохранен", false): Text 'Пользователь сохранен' is present on page 

2022-02-25 09:17:16 - [MESSAGE][PASSED] - Text 'Пользователь сохранен' is present on page 

2022-02-25 09:17:16 - [TEST_STEP][PASSED] - closeBrowser(): Browser is closed

2022-02-25 09:17:17 - [MESSAGE][PASSED] - Browser is closed]]></system-out>
         <system-err><![CDATA[]]></system-err>
      </testcase>
      <testcase name="Test Cases/Менеджер/Менеджер Профиль игрока" time="128.85" classname="Test Cases/Менеджер/Менеджер Профиль игрока" status="PASSED">
         <system-out><![CDATA[2022-02-25 09:17:17 - [TEST_CASE][PASSED] - Test Cases/Менеджер/Менеджер Профиль игрока: Test Cases/Менеджер/Менеджер Профиль игрока

2022-02-25 09:17:18 - [TEST_STEP][PASSED] - callTestCase(findTestCase("Администратор/Авторизация"), [:], STOP_ON_FAILURE): Call Test Case 'Test Cases/Администратор/Авторизация' successfully

2022-02-25 09:17:18 - [TEST_CASE][PASSED] - Test Cases/Администратор/Авторизация: Test Cases/Администратор/Авторизация

2022-02-25 09:17:18 - [TEST_STEP][PASSED] - openBrowser(""): Browser is opened with url: ''

2022-02-25 09:17:18 - [MESSAGE][INFO] - User set preference: ['os', 'linux']

2022-02-25 09:17:18 - [MESSAGE][INFO] - User set preference: ['browserName', 'chrome']

2022-02-25 09:17:18 - [MESSAGE][INFO] - User set preference: ['browserVersion', '97']

2022-02-25 09:17:18 - [MESSAGE][INFO] - User set preference: ['katalon:option', '{organizationId=564672, tunnelId=, usingTunnel=false}']

2022-02-25 09:17:18 - [MESSAGE][INFO] - Connecting to remote web server 'testcloud.katalon.com/hub' with type 'Selenium'

2022-02-25 09:17:18 - [MESSAGE][INFO] - Action delay is set to 100 milliseconds

2022-02-25 09:17:51 - [MESSAGE][PASSED] - Browser is opened with url: ''

2022-02-25 09:17:51 - [TEST_STEP][PASSED] - maximizeWindow(): Current window maximized

2022-02-25 09:17:52 - [MESSAGE][PASSED] - Current window maximized

2022-02-25 09:17:52 - [TEST_STEP][PASSED] - navigateToUrl(url): Navigate to 'https://stars-stage.hawk.ru:8080' successfully

2022-02-25 09:17:57 - [MESSAGE][PASSED] - Navigate to 'https://stars-stage.hawk.ru:8080' successfully

2022-02-25 09:17:57 - [TEST_STEP][PASSED] - setText(findTestObject("Object Repository/Page_/input__sc-lnrBVv eqPACj"), admin_login): Text 'eronko.i@hc-avangard.com' is set on object 'Object Repository/Page_/input__sc-lnrBVv eqPACj'

2022-02-25 09:18:02 - [MESSAGE][PASSED] - Text 'eronko.i@hc-avangard.com' is set on object 'Object Repository/Page_/input__sc-lnrBVv eqPACj'

2022-02-25 09:18:02 - [TEST_STEP][PASSED] - setText(findTestObject("Object Repository/Page_/input__sc-lnrBVv eqPACj_1"), admin_password): Text 'eronko.i' is set on object 'Object Repository/Page_/input__sc-lnrBVv eqPACj_1'

2022-02-25 09:18:06 - [MESSAGE][PASSED] - Text 'eronko.i' is set on object 'Object Repository/Page_/input__sc-lnrBVv eqPACj_1'

2022-02-25 09:18:06 - [TEST_STEP][PASSED] - click(findTestObject("Object Repository/Page_/go")): Object: 'Object Repository/Page_/go' is clicked on

2022-02-25 09:18:08 - [MESSAGE][PASSED] - Object: 'Object Repository/Page_/go' is clicked on

2022-02-25 09:18:08 - [MESSAGE][PASSED] - Call Test Case 'Test Cases/Администратор/Авторизация' successfully

2022-02-25 09:18:08 - [TEST_STEP][PASSED] - click(findTestObject("Object Repository/admin/students/Page_/students")): Object: 'Object Repository/admin/students/Page_/students' is clicked on

2022-02-25 09:18:29 - [MESSAGE][PASSED] - Object: 'Object Repository/admin/students/Page_/students' is clicked on

2022-02-25 09:18:29 - [TEST_STEP][PASSED] - setText(findTestObject("Object Repository/admin/students/input"), player_for_test_1): Text 'Ганин' is set on object 'Object Repository/admin/students/input'

2022-02-25 09:18:34 - [MESSAGE][PASSED] - Text 'Ганин' is set on object 'Object Repository/admin/students/input'

2022-02-25 09:18:34 - [TEST_STEP][PASSED] - click(findTestObject("Object Repository/admin/students/Page_/artur")): Object: 'Object Repository/admin/students/Page_/artur' is clicked on

2022-02-25 09:18:38 - [MESSAGE][PASSED] - Object: 'Object Repository/admin/students/Page_/artur' is clicked on

2022-02-25 09:18:38 - [TEST_STEP][PASSED] - num = getText(findTestObject("Object Repository/admin/students/Page_/player_num")): Text of object 'Object Repository/admin/students/Page_/player_num' is: '88'

2022-02-25 09:18:40 - [MESSAGE][PASSED] - Text of object 'Object Repository/admin/students/Page_/player_num' is: '88'

2022-02-25 09:18:40 - [TEST_STEP][PASSED] - verifyElementText(findTestObject("Object Repository/admin/students/Page_/player_num1"), num): Actual text and expected text of test object 'Object Repository/admin/students/Page_/player_num1' are matched.

2022-02-25 09:18:42 - [MESSAGE][PASSED] - Actual text and expected text of test object 'Object Repository/admin/students/Page_/player_num1' are matched.

2022-02-25 09:18:42 - [TEST_STEP][PASSED] - click(findTestObject("Object Repository/admin/students/Page_/family")): Object: 'Object Repository/admin/students/Page_/family' is clicked on

2022-02-25 09:18:44 - [MESSAGE][PASSED] - Object: 'Object Repository/admin/students/Page_/family' is clicked on

2022-02-25 09:18:44 - [TEST_STEP][PASSED] - verifyElementPresent(findTestObject("admin/panel"), 0): Object 'Object Repository/admin/panel' is present

2022-02-25 09:18:44 - [MESSAGE][WARNING] - Timeout '0' is invalid. Using default page load timeout: '30'

2022-02-25 09:18:45 - [MESSAGE][PASSED] - Object 'Object Repository/admin/panel' is present

2022-02-25 09:18:45 - [TEST_STEP][PASSED] - click(findTestObject("Object Repository/admin/students/Page_/Status")): Object: 'Object Repository/admin/students/Page_/Status' is clicked on

2022-02-25 09:18:47 - [MESSAGE][PASSED] - Object: 'Object Repository/admin/students/Page_/Status' is clicked on

2022-02-25 09:18:47 - [TEST_STEP][PASSED] - click(findTestObject("admin/zveno")): Object: 'Object Repository/admin/zveno' is clicked on

2022-02-25 09:18:53 - [MESSAGE][PASSED] - Object: 'Object Repository/admin/zveno' is clicked on

2022-02-25 09:18:53 - [TEST_STEP][PASSED] - verifyElementPresent(findTestObject("Object Repository/admin/students/Page_/zveno"), 0): Object 'Object Repository/admin/students/Page_/zveno' is present

2022-02-25 09:18:54 - [MESSAGE][WARNING] - Timeout '0' is invalid. Using default page load timeout: '30'

2022-02-25 09:18:56 - [MESSAGE][PASSED] - Object 'Object Repository/admin/students/Page_/zveno' is present

2022-02-25 09:18:56 - [TEST_STEP][PASSED] - verifyElementPresent(findTestObject("Object Repository/admin/students/Page_/zveno1"), 0): Object 'Object Repository/admin/students/Page_/zveno1' is present

2022-02-25 09:18:56 - [MESSAGE][WARNING] - Timeout '0' is invalid. Using default page load timeout: '30'

2022-02-25 09:18:58 - [MESSAGE][PASSED] - Object 'Object Repository/admin/students/Page_/zveno1' is present

2022-02-25 09:18:58 - [TEST_STEP][PASSED] - click(findTestObject("Object Repository/admin/students/Page_/button_stats")): Object: 'Object Repository/admin/students/Page_/button_stats' is clicked on

2022-02-25 09:19:00 - [MESSAGE][PASSED] - Object: 'Object Repository/admin/students/Page_/button_stats' is clicked on

2022-02-25 09:19:00 - [TEST_STEP][PASSED] - verifyTextPresent("Матчи", false): Text 'Матчи' is present on page 

2022-02-25 09:19:02 - [MESSAGE][PASSED] - Text 'Матчи' is present on page 

2022-02-25 09:19:02 - [TEST_STEP][PASSED] - verifyTextPresent("Ранг", false): Text 'Ранг' is present on page 

2022-02-25 09:19:04 - [MESSAGE][PASSED] - Text 'Ранг' is present on page 

2022-02-25 09:19:04 - [TEST_STEP][PASSED] - verifyTextPresent("Игр. время", false): Text 'Игр. время' is present on page 

2022-02-25 09:19:07 - [MESSAGE][PASSED] - Text 'Игр. время' is present on page 

2022-02-25 09:19:07 - [TEST_STEP][PASSED] - click(findTestObject("Object Repository/admin/students/Page_/button_estamition")): Object: 'Object Repository/admin/students/Page_/button_estamition' is clicked on

2022-02-25 09:19:09 - [MESSAGE][PASSED] - Object: 'Object Repository/admin/students/Page_/button_estamition' is clicked on

2022-02-25 09:19:09 - [TEST_STEP][PASSED] - verifyTextPresent("АТАКУЮЩИЕ ДЕЙСТВИЯ", false): Text 'АТАКУЮЩИЕ ДЕЙСТВИЯ' is present on page 

2022-02-25 09:19:11 - [MESSAGE][PASSED] - Text 'АТАКУЮЩИЕ ДЕЙСТВИЯ' is present on page 

2022-02-25 09:19:11 - [TEST_STEP][PASSED] - verifyTextPresent("ОБОРОНИТЕЛЬНЫЕ ДЕЙСТВИЯ", false): Text 'ОБОРОНИТЕЛЬНЫЕ ДЕЙСТВИЯ' is present on page 

2022-02-25 09:19:12 - [MESSAGE][PASSED] - Text 'ОБОРОНИТЕЛЬНЫЕ ДЕЙСТВИЯ' is present on page 

2022-02-25 09:19:12 - [TEST_STEP][PASSED] - click(findTestObject("Object Repository/admin/students/Page_/button_skill")): Object: 'Object Repository/admin/students/Page_/button_skill' is clicked on

2022-02-25 09:19:15 - [MESSAGE][PASSED] - Object: 'Object Repository/admin/students/Page_/button_skill' is clicked on

2022-02-25 09:19:15 - [TEST_STEP][PASSED] - verifyTextPresent("Ускорение", false): Text 'Ускорение' is present on page 

2022-02-25 09:19:18 - [MESSAGE][PASSED] - Text 'Ускорение' is present on page 

2022-02-25 09:19:18 - [TEST_STEP][PASSED] - verifyTextPresent("Катание", false): Text 'Катание' is present on page 

2022-02-25 09:19:20 - [MESSAGE][PASSED] - Text 'Катание' is present on page 

2022-02-25 09:19:20 - [TEST_STEP][PASSED] - verifyTextPresent("Скорость", false): Text 'Скорость' is present on page 

2022-02-25 09:19:23 - [MESSAGE][PASSED] - Text 'Скорость' is present on page 

2022-02-25 09:19:23 - [TEST_STEP][PASSED] - verifyTextPresent("Баланс", false): Text 'Баланс' is present on page 

2022-02-25 09:19:25 - [MESSAGE][PASSED] - Text 'Баланс' is present on page 

2022-02-25 09:19:25 - [TEST_STEP][PASSED] - closeBrowser(): Browser is closed

2022-02-25 09:19:26 - [MESSAGE][PASSED] - Browser is closed]]></system-out>
         <system-err><![CDATA[]]></system-err>
      </testcase>
      <system-out><![CDATA[2022-02-25 08:54:35 - [TEST_SUITE][PASSED] - Менеждер: Test Cases/Менеджер/Менеджер Профиль игрока]]></system-out>
      <system-err><![CDATA[]]></system-err>
   </testsuite>
</testsuites>
